<?xml version="1.0" encoding="UTF-8"?>
<testsuite xmlns:xsi="http://www.w3.org/2001/XMLSchema-instance" xsi:noNamespaceSchemaLocation="https://maven.apache.org/surefire/maven-surefire-plugin/xsd/surefire-test-report.xsd" version="3.0.2" name="fr.ensimag.deca.tree.DeclFieldTest" time="0.375" tests="7" errors="0" skipped="0" failures="0">
  <properties>
[...]
</properties>
  <testcase name="verifyFieldBody_callsInitializationVerifyInitialization" classname="fr.ensimag.deca.tree.DeclFieldTest" time="0.281"/>
  <testcase name="verifyDeclField_throws_whenDoubleDefExceptionOnDeclare" classname="fr.ensimag.deca.tree.DeclFieldTest" time="0.052"/>
  <testcase name="verifyDeclField_ok_declaresField_setsDefinition_incrementsAndReturnsVisibility" classname="fr.ensimag.deca.tree.DeclFieldTest" time="0.007"/>
  <testcase name="decompile_calls_children_and_prints_semicolon" classname="fr.ensimag.deca.tree.DeclFieldTest" time="0.005"/>
  <testcase name="verifyDeclField_throws_whenNameAlreadyUsedInCurrentClass" classname="fr.ensimag.deca.tree.DeclFieldTest" time="0.013"/>
  <testcase name="verifyDeclField_throws_whenNameUsedInSuperButNotAField" classname="fr.ensimag.deca.tree.DeclFieldTest" time="0.007"/>
  <testcase name="verifyDeclField_throws_whenTypeIsVoid" classname="fr.ensimag.deca.tree.DeclFieldTest" time="0.004"/>
</testsuite>