<?xml version="1.0" encoding="UTF-8" standalone="yes"?><!DOCTYPE report PUBLIC "-//JACOCO//DTD Report 1.1//EN" "report.dtd"><report name="Deca Compiler"><sessioninfo id="kossiy-fca42df0" start="1768834401042" dump="1768834402869"/><sessioninfo id="kossiy-d5f4786f" start="1768834403015" dump="1768834403191"/><sessioninfo id="kossiy-a32999d3" start="1768834403270" dump="1768834403431"/><sessioninfo id="kossiy-f29a6510" start="1768834403508" dump="1768834403673"/><sessioninfo id="kossiy-976dee58" start="1768834403756" dump="1768834403913"/><sessioninfo id="kossiy-5374275e" start="1768834403990" dump="1768834404151"/><sessioninfo id="kossiy-af541490" start="1768834404240" dump="1768834404409"/><sessioninfo id="kossiy-82311459" start="1768834404486" dump="1768834404650"/><sessioninfo id="kossiy-d2f1dc83" start="1768834404728" dump="1768834404892"/><sessioninfo id="kossiy-f6b1f962" start="1768834404972" dump="1768834405136"/><sessioninfo id="kossiy-3254d35e" start="1768834405229" dump="1768834405392"/><sessioninfo id="kossiy-abb8d86d" start="1768834405473" dump="1768834405633"/><sessioninfo id="kossiy-7bf95530" start="1768834405709" dump="1768834405871"/><sessioninfo id="kossiy-b519fd20" start="1768834405951" dump="1768834406108"/><sessioninfo id="kossiy-fdc78c1b" start="1768834406190" dump="1768834406340"/><sessioninfo id="kossiy-e280ca14" start="1768834406430" dump="1768834406582"/><sessioninfo id="kossiy-9a814d39" start="1768834406668" dump="1768834406843"/><sessioninfo id="kossiy-3798a5e9" start="1768834406923" dump="1768834407109"/><sessioninfo id="kossiy-44dcd96c" start="1768834407189" dump="1768834407369"/><sessioninfo id="kossiy-761d1b0a" start="1768834407454" dump="1768834407642"/><sessioninfo id="kossiy-4b85ad4d" start="1768834407726" dump="1768834407896"/><sessioninfo id="kossiy-b0b9e1f6" start="1768834407977" dump="1768834408144"/><sessioninfo id="kossiy-a2bf31f9" start="1768834408225" dump="1768834408401"/><sessioninfo id="kossiy-7e08ac3" start="1768834408484" dump="1768834408668"/><sessioninfo id="kossiy-98ca477f" start="1768834408758" dump="1768834408927"/><sessioninfo id="kossiy-998bc668" start="1768834409006" dump="1768834409186"/><sessioninfo id="kossiy-6593b6cc" start="1768834409279" dump="1768834409451"/><sessioninfo id="kossiy-7f7793fe" start="1768834409534" dump="1768834409711"/><sessioninfo id="kossiy-c4569a0e" start="1768834409795" dump="1768834409984"/><sessioninfo id="kossiy-cb75349" start="1768834410073" dump="1768834410252"/><sessioninfo id="kossiy-d4523b42" start="1768834410340" dump="1768834410525"/><sessioninfo id="kossiy-cf0c54e" start="1768834410611" dump="1768834410789"/><sessioninfo id="kossiy-ee0a74e5" start="1768834410878" dump="1768834411051"/><sessioninfo id="kossiy-a1b9834a" start="1768834411137" dump="1768834411293"/><sessioninfo id="kossiy-4f1d8123" start="1768834411374" dump="1768834411538"/><sessioninfo id="kossiy-3d639ff3" start="1768834411620" dump="1768834411786"/><sessioninfo id="kossiy-a36f7d70" start="1768834411871" dump="1768834412040"/><sessioninfo id="kossiy-55458e11" start="1768834412122" dump="1768834412302"/><sessioninfo id="kossiy-cbd53c6d" start="1768834412382" dump="1768834412565"/><sessioninfo id="kossiy-db9ed299" start="1768834412646" dump="1768834412828"/><sessioninfo id="kossiy-bf1448bb" start="1768834412921" dump="1768834413097"/><sessioninfo id="kossiy-e013a3eb" start="1768834413176" dump="1768834413350"/><sessioninfo id="kossiy-e47e998c" start="1768834413431" dump="1768834413594"/><sessioninfo id="kossiy-2a63184c" start="1768834413687" dump="1768834413842"/><sessioninfo id="kossiy-1f0561de" start="1768834413924" dump="1768834414092"/><sessioninfo id="kossiy-82bd1969" start="1768834414183" dump="1768834414363"/><sessioninfo id="kossiy-9d022201" start="1768834414443" dump="1768834414625"/><sessioninfo id="kossiy-7937f825" start="1768834414704" dump="1768834414873"/><sessioninfo id="kossiy-b459f7b9" start="1768834414953" dump="1768834415112"/><sessioninfo id="kossiy-ca0f5e18" start="1768834415200" dump="1768834415370"/><sessioninfo id="kossiy-8ff40b81" start="1768834415452" dump="1768834415612"/><sessioninfo id="kossiy-d37452f7" start="1768834415700" dump="1768834415869"/><sessioninfo id="kossiy-6eec521d" start="1768834415957" dump="1768834416155"/><sessioninfo id="kossiy-f5d80e4b" start="1768834416247" dump="1768834416440"/><sessioninfo id="kossiy-482404ec" start="1768834416526" dump="1768834416733"/><sessioninfo id="kossiy-a523e5a0" start="1768834416838" dump="1768834417022"/><sessioninfo id="kossiy-f99d1b0c" start="1768834417112" dump="1768834417281"/><sessioninfo id="kossiy-6bac26b3" start="1768834417361" dump="1768834417550"/><sessioninfo id="kossiy-da998422" start="1768834417639" dump="1768834417809"/><sessioninfo id="kossiy-40d0a233" start="1768834418032" dump="1768834418152"/><sessioninfo id="kossiy-6431213a" start="1768834418297" dump="1768834418419"/><sessioninfo id="kossiy-ffcf8d97" start="1768834418555" dump="1768834418666"/><sessioninfo id="kossiy-6bc463a4" start="1768834418800" dump="1768834418916"/><sessioninfo id="kossiy-a2f902e0" start="1768834419052" dump="1768834419173"/><sessioninfo id="kossiy-a8fdf657" start="1768834419320" dump="1768834419436"/><sessioninfo id="kossiy-cb3593d5" start="1768834419579" dump="1768834419691"/><sessioninfo id="kossiy-e374707c" start="1768834419829" dump="1768834419946"/><sessioninfo id="kossiy-804b63cc" start="1768834420079" dump="1768834420195"/><sessioninfo id="kossiy-a7c91f35" start="1768834420333" dump="1768834420446"/><sessioninfo id="kossiy-f2e24920" start="1768834420587" dump="1768834420713"/><sessioninfo id="kossiy-a132a9f6" start="1768834420853" dump="1768834420976"/><sessioninfo id="kossiy-ab60d04b" start="1768834421111" dump="1768834421224"/><sessioninfo id="kossiy-6bf2f311" start="1768834421363" dump="1768834421481"/><sessioninfo id="kossiy-df0ad4df" start="1768834421619" dump="1768834421749"/><sessioninfo id="kossiy-6886b574" start="1768834421888" dump="1768834422013"/><sessioninfo id="kossiy-18ec13ef" start="1768834422145" dump="1768834422252"/><sessioninfo id="kossiy-67958e77" start="1768834422384" dump="1768834422506"/><sessioninfo id="kossiy-a481fe36" start="1768834422646" dump="1768834422767"/><sessioninfo id="kossiy-aa3d7f6e" start="1768834422904" dump="1768834423033"/><sessioninfo id="kossiy-bbf1ad41" start="1768834423174" dump="1768834423295"/><sessioninfo id="kossiy-8349ab14" start="1768834423426" dump="1768834423542"/><sessioninfo id="kossiy-b5e7c380" start="1768834423685" dump="1768834423801"/><sessioninfo id="kossiy-1d777739" start="1768834423945" dump="1768834424057"/><sessioninfo id="kossiy-38372d52" start="1768834424210" dump="1768834424334"/><sessioninfo id="kossiy-a1858a4b" start="1768834424466" dump="1768834424589"/><sessioninfo id="kossiy-689cc4de" start="1768834424741" dump="1768834424873"/><sessioninfo id="kossiy-faa66e5e" start="1768834425020" dump="1768834425146"/><sessioninfo id="kossiy-2b198003" start="1768834425285" dump="1768834425415"/><sessioninfo id="kossiy-b2e33d16" start="1768834425569" dump="1768834425685"/><sessioninfo id="kossiy-2deb05c2" start="1768834425822" dump="1768834425943"/><sessioninfo id="kossiy-126c8475" start="1768834426089" dump="1768834426235"/><sessioninfo id="kossiy-69888517" start="1768834426379" dump="1768834426510"/><sessioninfo id="kossiy-e7c390a9" start="1768834426672" dump="1768834426807"/><sessioninfo id="kossiy-d65b7127" start="1768834426942" dump="1768834427070"/><sessioninfo id="kossiy-a95c13d0" start="1768834427212" dump="1768834427349"/><sessioninfo id="kossiy-46088f51" start="1768834427489" dump="1768834427628"/><sessioninfo id="kossiy-104d3c88" start="1768834427766" dump="1768834427883"/><sessioninfo id="kossiy-d5b44c93" start="1768834428021" dump="1768834428153"/><sessioninfo id="kossiy-cc7d7b8a" start="1768834428289" dump="1768834428415"/><sessioninfo id="kossiy-74ed4b53" start="1768834428565" dump="1768834428666"/><sessioninfo id="kossiy-f4a199c0" start="1768834428808" dump="1768834428940"/><sessioninfo id="kossiy-652e12b8" start="1768834429080" dump="1768834429204"/><sessioninfo id="kossiy-e989e461" start="1768834429355" dump="1768834429481"/><sessioninfo id="kossiy-ae6cc440" start="1768834429629" dump="1768834429756"/><sessioninfo id="kossiy-3989dbf9" start="1768834429899" dump="1768834430033"/><sessioninfo id="kossiy-45c0f8c3" start="1768834430179" dump="1768834430322"/><sessioninfo id="kossiy-630897f8" start="1768834430472" dump="1768834430592"/><sessioninfo id="kossiy-198fd809" start="1768834430729" dump="1768834430880"/><sessioninfo id="kossiy-f59c42ab" start="1768834431039" dump="1768834431163"/><sessioninfo id="kossiy-8663cfda" start="1768834431296" dump="1768834431441"/><sessioninfo id="kossiy-eed2759e" start="1768834431581" dump="1768834431704"/><sessioninfo id="kossiy-da14628b" start="1768834431850" dump="1768834431975"/><sessioninfo id="kossiy-f1a7397" start="1768834432118" dump="1768834432255"/><sessioninfo id="kossiy-3f95eb95" start="1768834432395" dump="1768834432525"/><sessioninfo id="kossiy-901d38cd" start="1768834432689" dump="1768834432811"/><sessioninfo id="kossiy-5db6e15a" start="1768834432958" dump="1768834433082"/><sessioninfo id="kossiy-13d046e3" start="1768834433223" dump="1768834433353"/><sessioninfo id="kossiy-6cdc7c7e" start="1768834433525" dump="1768834433588"/><sessioninfo id="kossiy-59c91dd5" start="1768834433732" dump="1768834433800"/><sessioninfo id="kossiy-cb2a5091" start="1768834433991" dump="1768834434145"/><sessioninfo id="kossiy-85d1ddf9" start="1768834434228" dump="1768834434380"/><sessioninfo id="kossiy-b6f03b5d" start="1768834434469" dump="1768834434565"/><sessioninfo id="kossiy-282983b8" start="1768834434775" dump="1768834434893"/><sessioninfo id="kossiy-6853e87e" start="1768834435027" dump="1768834435138"/><sessioninfo id="kossiy-d3cc0695" start="1768834435323" dump="1768834435506"/><sessioninfo id="kossiy-62a0bbd1" start="1768834435627" dump="1768834435702"/><sessioninfo id="kossiy-1d6f6e81" start="1768834437645" dump="1768834437872"/><sessioninfo id="kossiy-18866ca3" start="1768834437969" dump="1768834438168"/><sessioninfo id="kossiy-75c56a49" start="1768834438247" dump="1768834438432"/><sessioninfo id="kossiy-60132afc" start="1768834438512" dump="1768834438696"/><sessioninfo id="kossiy-272a4733" start="1768834438782" dump="1768834438973"/><sessioninfo id="kossiy-1393e877" start="1768834439055" dump="1768834439248"/><sessioninfo id="kossiy-22766b1f" start="1768834439352" dump="1768834439552"/><sessioninfo id="kossiy-5de071a4" start="1768834439631" dump="1768834439824"/><sessioninfo id="kossiy-dfe872ab" start="1768834439905" dump="1768834440085"/><sessioninfo id="kossiy-4ac928f4" start="1768834440162" dump="1768834440350"/><sessioninfo id="kossiy-bd026af6" start="1768834440429" dump="1768834440617"/><sessioninfo id="kossiy-da903b6b" start="1768834440695" dump="1768834440882"/><sessioninfo id="kossiy-d998d5e0" start="1768834440968" dump="1768834441158"/><sessioninfo id="kossiy-68f5b52d" start="1768834441251" dump="1768834441447"/><sessioninfo id="kossiy-cd049762" start="1768834441532" dump="1768834441719"/><sessioninfo id="kossiy-bc0fadf2" start="1768834441802" dump="1768834441990"/><sessioninfo id="kossiy-e2e6c12d" start="1768834442069" dump="1768834442254"/><sessioninfo id="kossiy-1f7a3c11" start="1768834442337" dump="1768834442525"/><sessioninfo id="kossiy-92cf8689" start="1768834442608" dump="1768834442814"/><sessioninfo id="kossiy-daa71380" start="1768834442905" dump="1768834443095"/><sessioninfo id="kossiy-54df6ff3" start="1768834443184" dump="1768834443366"/><sessioninfo id="kossiy-ee0bf897" start="1768834443455" dump="1768834443650"/><sessioninfo id="kossiy-1ebdb273" start="1768834443739" dump="1768834443920"/><sessioninfo id="kossiy-7b5ede8" start="1768834444008" dump="1768834444193"/><sessioninfo id="kossiy-16c788b9" start="1768834444278" dump="1768834444461"/><sessioninfo id="kossiy-a469e717" start="1768834444542" dump="1768834444725"/><sessioninfo id="kossiy-3ed68b25" start="1768834444805" dump="1768834444990"/><sessioninfo id="kossiy-86b59650" start="1768834445070" dump="1768834445254"/><sessioninfo id="kossiy-9e97642e" start="1768834445337" dump="1768834445519"/><sessioninfo id="kossiy-6986ff0d" start="1768834445610" dump="1768834445803"/><sessioninfo id="kossiy-b91efe12" start="1768834445882" dump="1768834446073"/><sessioninfo id="kossiy-83fbe13f" start="1768834446153" dump="1768834446342"/><sessioninfo id="kossiy-6cbb460a" start="1768834446424" dump="1768834446616"/><sessioninfo id="kossiy-41bc5746" start="1768834446698" dump="1768834446877"/><sessioninfo id="kossiy-e2160de7" start="1768834446968" dump="1768834447149"/><sessioninfo id="kossiy-2ebca452" start="1768834447231" dump="1768834447421"/><sessioninfo id="kossiy-739d8d12" start="1768834447511" dump="1768834447744"/><sessioninfo id="kossiy-62927864" start="1768834447825" dump="1768834448017"/><sessioninfo id="kossiy-4d781987" start="1768834448095" dump="1768834448269"/><sessioninfo id="kossiy-d1389781" start="1768834448351" dump="1768834448555"/><sessioninfo id="kossiy-a1baa548" start="1768834448636" dump="1768834448835"/><sessioninfo id="kossiy-84427073" start="1768834448913" dump="1768834449162"/><sessioninfo id="kossiy-817b778b" start="1768834449241" dump="1768834449435"/><sessioninfo id="kossiy-8a2e2039" start="1768834449516" dump="1768834449713"/><sessioninfo id="kossiy-78ca005b" start="1768834449812" dump="1768834450002"/><sessioninfo id="kossiy-694707a3" start="1768834450082" dump="1768834450279"/><sessioninfo id="kossiy-a3377e91" start="1768834450358" dump="1768834450553"/><sessioninfo id="kossiy-f08fe1b5" start="1768834450632" dump="1768834450849"/><sessioninfo id="kossiy-f0617a54" start="1768834450966" dump="1768834451170"/><sessioninfo id="kossiy-2b8e9ec4" start="1768834451249" dump="1768834451443"/><sessioninfo id="kossiy-2ce1bca3" start="1768834451530" dump="1768834451789"/><sessioninfo id="kossiy-c7b21d2a" start="1768834451877" dump="1768834452062"/><sessioninfo id="kossiy-c43a800b" start="1768834452157" dump="1768834452417"/><sessioninfo id="kossiy-d036d8a7" start="1768834452516" dump="1768834452746"/><sessioninfo id="kossiy-27fc813d" start="1768834452872" dump="1768834453067"/><sessioninfo id="kossiy-e099310a" start="1768834453143" dump="1768834453332"/><sessioninfo id="kossiy-50587983" start="1768834453415" dump="1768834453605"/><sessioninfo id="kossiy-da552654" start="1768834453680" dump="1768834453884"/><sessioninfo id="kossiy-b66a183d" start="1768834453969" dump="1768834454043"/><sessioninfo id="kossiy-b34fc1ae" start="1768834454130" dump="1768834454356"/><sessioninfo id="kossiy-1c588c10" start="1768834454452" dump="1768834454664"/><sessioninfo id="kossiy-f2fb4306" start="1768834454739" dump="1768834454815"/><sessioninfo id="kossiy-ecd9edff" start="1768834454982" dump="1768834455205"/><package name="fr/ensimag/deca"><class name="fr/ensimag/deca/DecacMain" sourcefilename="DecacMain.java"><method name="&lt;init&gt;" desc="()V" line="12"><counter type="INSTRUCTION" missed="3" covered="0"/><counter type="LINE" missed="1" covered="0"/><counter type="COMPLEXITY" missed="1" covered="0"/><counter type="METHOD" missed="1" covered="0"/></method><method name="main" desc="([Ljava/lang/String;)V" line="17"><counter type="INSTRUCTION" missed="76" covered="55"/><counter type="BRANCH" missed="11" covered="7"/><counter type="LINE" missed="21" covered="18"/><counter type="COMPLEXITY" missed="7" covered="3"/><counter type="METHOD" missed="0" covered="1"/></method><method name="lambda$main$0" desc="(Lfr/ensimag/deca/CompilerOptions;Ljava/io/File;)Ljava/lang/Boolean;" line="62"><counter type="INSTRUCTION" missed="10" covered="0"/><counter type="LINE" missed="2" covered="0"/><counter type="COMPLEXITY" missed="1" covered="0"/><counter type="METHOD" missed="1" covered="0"/></method><method name="&lt;clinit&gt;" desc="()V" line="13"><counter type="INSTRUCTION" missed="0" covered="4"/><counter type="LINE" missed="0" covered="1"/><counter type="COMPLEXITY" missed="0" covered="1"/><counter type="METHOD" missed="0" covered="1"/></method><counter type="INSTRUCTION" missed="89" covered="59"/><counter type="BRANCH" missed="11" covered="7"/><counter type="LINE" missed="24" covered="19"/><counter type="COMPLEXITY" missed="9" covered="4"/><counter type="METHOD" missed="2" covered="2"/><counter type="CLASS" missed="0" covered="1"/></class><class name="fr/ensimag/deca/CompilerOptions" sourcefilename="CompilerOptions.java"><method name="&lt;init&gt;" desc="()V" line="18"><counter type="INSTRUCTION" missed="0" covered="29"/><counter type="LINE" missed="0" covered="9"/><counter type="COMPLEXITY" missed="0" covered="1"/><counter type="METHOD" missed="0" covered="1"/></method><method name="getDebug" desc="()I" line="24"><counter type="INSTRUCTION" missed="0" covered="3"/><counter type="LINE" missed="0" covered="1"/><counter type="COMPLEXITY" missed="0" covered="1"/><counter type="METHOD" missed="0" covered="1"/></method><method name="getParallel" desc="()Z" line="28"><counter type="INSTRUCTION" missed="0" covered="3"/><counter type="LINE" missed="0" covered="1"/><counter type="COMPLEXITY" missed="0" covered="1"/><counter type="METHOD" missed="0" covered="1"/></method><method name="getPrintBanner" desc="()Z" line="32"><counter type="INSTRUCTION" missed="0" covered="3"/><counter type="LINE" missed="0" covered="1"/><counter type="COMPLEXITY" missed="0" covered="1"/><counter type="METHOD" missed="0" covered="1"/></method><method name="getSourceFiles" desc="()Ljava/util/List;" line="36"><counter type="INSTRUCTION" missed="0" covered="4"/><counter type="LINE" missed="0" covered="1"/><counter type="COMPLEXITY" missed="0" covered="1"/><counter type="METHOD" missed="0" covered="1"/></method><method name="parseArgs" desc="([Ljava/lang/String;)V" line="51"><counter type="INSTRUCTION" missed="48" covered="143"/><counter type="BRANCH" missed="11" covered="30"/><counter type="LINE" missed="12" covered="38"/><counter type="COMPLEXITY" missed="11" covered="12"/><counter type="METHOD" missed="0" covered="1"/></method><method name="displayUsage" desc="()V" line="133"><counter type="INSTRUCTION" missed="0" covered="4"/><counter type="LINE" missed="0" covered="2"/><counter type="COMPLEXITY" missed="0" covered="1"/><counter type="METHOD" missed="0" covered="1"/></method><method name="getNoCheck" desc="()Z" line="138"><counter type="INSTRUCTION" missed="0" covered="3"/><counter type="LINE" missed="0" covered="1"/><counter type="COMPLEXITY" missed="0" covered="1"/><counter type="METHOD" missed="0" covered="1"/></method><method name="getNRegisters" desc="()I" line="142"><counter type="INSTRUCTION" missed="0" covered="3"/><counter type="LINE" missed="0" covered="1"/><counter type="COMPLEXITY" missed="0" covered="1"/><counter type="METHOD" missed="0" covered="1"/></method><method name="getParse" desc="()Z" line="146"><counter type="INSTRUCTION" missed="0" covered="3"/><counter type="LINE" missed="0" covered="1"/><counter type="COMPLEXITY" missed="0" covered="1"/><counter type="METHOD" missed="0" covered="1"/></method><method name="getVerify" desc="()Z" line="150"><counter type="INSTRUCTION" missed="0" covered="3"/><counter type="LINE" missed="0" covered="1"/><counter type="COMPLEXITY" missed="0" covered="1"/><counter type="METHOD" missed="0" covered="1"/></method><method name="&lt;clinit&gt;" desc="()V" line="18"><counter type="INSTRUCTION" missed="0" covered="1"/><counter type="LINE" missed="0" covered="1"/><counter type="COMPLEXITY" missed="0" covered="1"/><counter type="METHOD" missed="0" covered="1"/></method><counter type="INSTRUCTION" missed="48" covered="202"/><counter type="BRANCH" missed="11" covered="30"/><counter type="LINE" missed="12" covered="57"/><counter type="COMPLEXITY" missed="11" covered="23"/><counter type="METHOD" missed="0" covered="12"/><counter type="CLASS" missed="0" covered="1"/></class><class name="fr/ensimag/deca/CLIException" sourcefilename="CLIException.java"><method name="&lt;init&gt;" desc="(Ljava/lang/String;)V" line="13"><counter type="INSTRUCTION" missed="0" covered="4"/><counter type="LINE" missed="0" covered="2"/><counter type="COMPLEXITY" missed="0" covered="1"/><counter type="METHOD" missed="0" covered="1"/></method><counter type="INSTRUCTION" missed="0" covered="4"/><counter type="LINE" missed="0" covered="2"/><counter type="COMPLEXITY" missed="0" covered="1"/><counter type="METHOD" missed="0" covered="1"/><counter type="CLASS" missed="0" covered="1"/></class><class name="fr/ensimag/deca/DecacCompiler" sourcefilename="DecacCompiler.java"><method name="getTasOverflowLabel" desc="()Z" line="65"><counter type="INSTRUCTION" missed="0" covered="3"/><counter type="LINE" missed="0" covered="1"/><counter type="COMPLEXITY" missed="0" covered="1"/><counter type="METHOD" missed="0" covered="1"/></method><method name="addTasOverflowLabel" desc="()V" line="69"><counter type="INSTRUCTION" missed="4" covered="0"/><counter type="LINE" missed="2" covered="0"/><counter type="COMPLEXITY" missed="1" covered="0"/><counter type="METHOD" missed="1" covered="0"/></method><method name="getOverflowLabel" desc="()Z" line="74"><counter type="INSTRUCTION" missed="0" covered="3"/><counter type="LINE" missed="0" covered="1"/><counter type="COMPLEXITY" missed="0" covered="1"/><counter type="METHOD" missed="0" covered="1"/></method><method name="getDivisionByZeroLabel" desc="()Z" line="78"><counter type="INSTRUCTION" missed="0" covered="3"/><counter type="LINE" missed="0" covered="1"/><counter type="COMPLEXITY" missed="0" covered="1"/><counter type="METHOD" missed="0" covered="1"/></method><method name="getAbsenceReturnLabel" desc="()Z" line="82"><counter type="INSTRUCTION" missed="0" covered="3"/><counter type="LINE" missed="0" covered="1"/><counter type="COMPLEXITY" missed="0" covered="1"/><counter type="METHOD" missed="0" covered="1"/></method><method name="getConversionImpossibleLabel" desc="()Z" line="87"><counter type="INSTRUCTION" missed="0" covered="3"/><counter type="LINE" missed="0" covered="1"/><counter type="COMPLEXITY" missed="0" covered="1"/><counter type="METHOD" missed="0" covered="1"/></method><method name="getDereferencementNullLabel" desc="()Z" line="91"><counter type="INSTRUCTION" missed="0" covered="3"/><counter type="LINE" missed="0" covered="1"/><counter type="COMPLEXITY" missed="0" covered="1"/><counter type="METHOD" missed="0" covered="1"/></method><method name="getIOErreurLabel" desc="()Z" line="95"><counter type="INSTRUCTION" missed="0" covered="3"/><counter type="LINE" missed="0" covered="1"/><counter type="COMPLEXITY" missed="0" covered="1"/><counter type="METHOD" missed="0" covered="1"/></method><method name="getAccesVarNonInitLabel" desc="()Z" line="103"><counter type="INSTRUCTION" missed="0" covered="3"/><counter type="LINE" missed="0" covered="1"/><counter type="COMPLEXITY" missed="0" covered="1"/><counter type="METHOD" missed="0" covered="1"/></method><method name="getMethodeIncompatibleLabel" desc="()Z" line="107"><counter type="INSTRUCTION" missed="0" covered="3"/><counter type="LINE" missed="0" covered="1"/><counter type="COMPLEXITY" missed="0" covered="1"/><counter type="METHOD" missed="0" covered="1"/></method><method name="addOverflowLabel" desc="()V" line="113"><counter type="INSTRUCTION" missed="4" covered="0"/><counter type="LINE" missed="2" covered="0"/><counter type="COMPLEXITY" missed="1" covered="0"/><counter type="METHOD" missed="1" covered="0"/></method><method name="addDivisionByZeroLabel" desc="()V" line="116"><counter type="INSTRUCTION" missed="4" covered="0"/><counter type="LINE" missed="2" covered="0"/><counter type="COMPLEXITY" missed="1" covered="0"/><counter type="METHOD" missed="1" covered="0"/></method><method name="addAbsenceReturnLabel" desc="()V" line="120"><counter type="INSTRUCTION" missed="4" covered="0"/><counter type="LINE" missed="2" covered="0"/><counter type="COMPLEXITY" missed="1" covered="0"/><counter type="METHOD" missed="1" covered="0"/></method><method name="addDereferencementNullLabel" desc="()V" line="128"><counter type="INSTRUCTION" missed="4" covered="0"/><counter type="LINE" missed="2" covered="0"/><counter type="COMPLEXITY" missed="1" covered="0"/><counter type="METHOD" missed="1" covered="0"/></method><method name="addIOErreurLabel" desc="()V" line="133"><counter type="INSTRUCTION" missed="4" covered="0"/><counter type="LINE" missed="2" covered="0"/><counter type="COMPLEXITY" missed="1" covered="0"/><counter type="METHOD" missed="1" covered="0"/></method><method name="getLabelOpBool" desc="()Lfr/ensimag/ima/pseudocode/Label;" line="161"><counter type="INSTRUCTION" missed="7" covered="0"/><counter type="LINE" missed="1" covered="0"/><counter type="COMPLEXITY" missed="1" covered="0"/><counter type="METHOD" missed="1" covered="0"/></method><method name="addLabelOpBool" desc="()V" line="165"><counter type="INSTRUCTION" missed="7" covered="0"/><counter type="LINE" missed="2" covered="0"/><counter type="COMPLEXITY" missed="1" covered="0"/><counter type="METHOD" missed="1" covered="0"/></method><method name="incCOmpteurLabelIF" desc="()V" line="170"><counter type="INSTRUCTION" missed="7" covered="0"/><counter type="LINE" missed="2" covered="0"/><counter type="COMPLEXITY" missed="1" covered="0"/><counter type="METHOD" missed="1" covered="0"/></method><method name="getCompteurLabelIF" desc="()I" line="174"><counter type="INSTRUCTION" missed="3" covered="0"/><counter type="LINE" missed="1" covered="0"/><counter type="COMPLEXITY" missed="1" covered="0"/><counter type="METHOD" missed="1" covered="0"/></method><method name="addLabelIF" desc="()V" line="178"><counter type="INSTRUCTION" missed="7" covered="0"/><counter type="LINE" missed="2" covered="0"/><counter type="COMPLEXITY" missed="1" covered="0"/><counter type="METHOD" missed="1" covered="0"/></method><method name="getAndIncOpBool" desc="()I" line="189"><counter type="INSTRUCTION" missed="8" covered="0"/><counter type="LINE" missed="1" covered="0"/><counter type="COMPLEXITY" missed="1" covered="0"/><counter type="METHOD" missed="1" covered="0"/></method><method name="getAndIncIf" desc="()I" line="193"><counter type="INSTRUCTION" missed="0" covered="8"/><counter type="LINE" missed="0" covered="1"/><counter type="COMPLEXITY" missed="0" covered="1"/><counter type="METHOD" missed="0" covered="1"/></method><method name="utiliserRegistre" desc="()Lfr/ensimag/ima/pseudocode/GPRegister;" line="212"><counter type="INSTRUCTION" missed="0" covered="5"/><counter type="LINE" missed="0" covered="1"/><counter type="COMPLEXITY" missed="0" covered="1"/><counter type="METHOD" missed="0" covered="1"/></method><method name="libererRegistre" desc="()V" line="216"><counter type="INSTRUCTION" missed="0" covered="5"/><counter type="LINE" missed="0" covered="2"/><counter type="COMPLEXITY" missed="0" covered="1"/><counter type="METHOD" missed="0" covered="1"/></method><method name="simulerAllocationRegistre" desc="()I" line="220"><counter type="INSTRUCTION" missed="0" covered="4"/><counter type="LINE" missed="0" covered="1"/><counter type="COMPLEXITY" missed="0" covered="1"/><counter type="METHOD" missed="0" covered="1"/></method><method name="simulerLiberationRegistre" desc="()V" line="223"><counter type="INSTRUCTION" missed="4" covered="0"/><counter type="LINE" missed="2" covered="0"/><counter type="COMPLEXITY" missed="1" covered="0"/><counter type="METHOD" missed="1" covered="0"/></method><method name="getCompteurRegistre" desc="()I" line="227"><counter type="INSTRUCTION" missed="0" covered="4"/><counter type="LINE" missed="0" covered="1"/><counter type="COMPLEXITY" missed="0" covered="1"/><counter type="METHOD" missed="0" covered="1"/></method><method name="setCompteurRegistre" desc="(I)V" line="231"><counter type="INSTRUCTION" missed="0" covered="5"/><counter type="LINE" missed="0" covered="2"/><counter type="COMPLEXITY" missed="0" covered="1"/><counter type="METHOD" missed="0" covered="1"/></method><method name="getNbRegStokes" desc="()I" line="235"><counter type="INSTRUCTION" missed="0" covered="4"/><counter type="LINE" missed="0" covered="1"/><counter type="COMPLEXITY" missed="0" covered="1"/><counter type="METHOD" missed="0" covered="1"/></method><method name="setNbRegStokes" desc="(I)V" line="239"><counter type="INSTRUCTION" missed="0" covered="5"/><counter type="LINE" missed="0" covered="2"/><counter type="COMPLEXITY" missed="0" covered="1"/><counter type="METHOD" missed="0" covered="1"/></method><method name="commencerSimulationRegistres" desc="(Z)V" line="243"><counter type="INSTRUCTION" missed="0" covered="5"/><counter type="LINE" missed="0" covered="2"/><counter type="COMPLEXITY" missed="0" covered="1"/><counter type="METHOD" missed="0" covered="1"/></method><method name="resetGestionnaireRegistres" desc="(Z)V" line="247"><counter type="INSTRUCTION" missed="0" covered="5"/><counter type="LINE" missed="0" covered="2"/><counter type="COMPLEXITY" missed="0" covered="1"/><counter type="METHOD" missed="0" covered="1"/></method><method name="getCompteurLabelWhile" desc="()I" line="253"><counter type="INSTRUCTION" missed="4" covered="0"/><counter type="LINE" missed="1" covered="0"/><counter type="COMPLEXITY" missed="1" covered="0"/><counter type="METHOD" missed="1" covered="0"/></method><method name="incrementerCompteurLabelWhile" desc="()I" line="257"><counter type="INSTRUCTION" missed="4" covered="0"/><counter type="LINE" missed="1" covered="0"/><counter type="COMPLEXITY" missed="1" covered="0"/><counter type="METHOD" missed="1" covered="0"/></method><method name="&lt;init&gt;" desc="(Lfr/ensimag/deca/CompilerOptions;Ljava/io/File;)V" line="52"><counter type="INSTRUCTION" missed="0" covered="92"/><counter type="BRANCH" missed="0" covered="2"/><counter type="LINE" missed="0" covered="28"/><counter type="COMPLEXITY" missed="0" covered="2"/><counter type="METHOD" missed="0" covered="1"/></method><method name="getSource" desc="()Ljava/io/File;" line="279"><counter type="INSTRUCTION" missed="3" covered="0"/><counter type="LINE" missed="1" covered="0"/><counter type="COMPLEXITY" missed="1" covered="0"/><counter type="METHOD" missed="1" covered="0"/></method><method name="getCompilerOptions" desc="()Lfr/ensimag/deca/CompilerOptions;" line="287"><counter type="INSTRUCTION" missed="0" covered="3"/><counter type="LINE" missed="0" covered="1"/><counter type="COMPLEXITY" missed="0" covered="1"/><counter type="METHOD" missed="0" covered="1"/></method><method name="add" desc="(Lfr/ensimag/ima/pseudocode/AbstractLine;)V" line="295"><counter type="INSTRUCTION" missed="5" covered="0"/><counter type="LINE" missed="2" covered="0"/><counter type="COMPLEXITY" missed="1" covered="0"/><counter type="METHOD" missed="1" covered="0"/></method><method name="addComment" desc="(Ljava/lang/String;)V" line="302"><counter type="INSTRUCTION" missed="0" covered="5"/><counter type="LINE" missed="0" covered="2"/><counter type="COMPLEXITY" missed="0" covered="1"/><counter type="METHOD" missed="0" covered="1"/></method><method name="addLabel" desc="(Lfr/ensimag/ima/pseudocode/Label;)V" line="310"><counter type="INSTRUCTION" missed="0" covered="5"/><counter type="LINE" missed="0" covered="2"/><counter type="COMPLEXITY" missed="0" covered="1"/><counter type="METHOD" missed="0" covered="1"/></method><method name="addInstruction" desc="(Lfr/ensimag/ima/pseudocode/Instruction;)V" line="318"><counter type="INSTRUCTION" missed="0" covered="5"/><counter type="LINE" missed="0" covered="2"/><counter type="COMPLEXITY" missed="0" covered="1"/><counter type="METHOD" missed="0" covered="1"/></method><method name="addFirstComment" desc="(Ljava/lang/String;)V" line="326"><counter type="INSTRUCTION" missed="0" covered="5"/><counter type="LINE" missed="0" covered="2"/><counter type="COMPLEXITY" missed="0" covered="1"/><counter type="METHOD" missed="0" covered="1"/></method><method name="addFirstInstruction" desc="(Lfr/ensimag/ima/pseudocode/Instruction;)V" line="334"><counter type="INSTRUCTION" missed="0" covered="5"/><counter type="LINE" missed="0" covered="2"/><counter type="COMPLEXITY" missed="0" covered="1"/><counter type="METHOD" missed="0" covered="1"/></method><method name="addInstruction" desc="(Lfr/ensimag/ima/pseudocode/Instruction;Ljava/lang/String;)V" line="344"><counter type="INSTRUCTION" missed="0" covered="6"/><counter type="LINE" missed="0" covered="2"/><counter type="COMPLEXITY" missed="0" covered="1"/><counter type="METHOD" missed="0" covered="1"/></method><method name="displayIMAProgram" desc="()Ljava/lang/String;" line="352"><counter type="INSTRUCTION" missed="4" covered="0"/><counter type="LINE" missed="1" covered="0"/><counter type="COMPLEXITY" missed="1" covered="0"/><counter type="METHOD" missed="1" covered="0"/></method><method name="getProgram" desc="()Lfr/ensimag/ima/pseudocode/IMAProgram;" line="363"><counter type="INSTRUCTION" missed="3" covered="0"/><counter type="LINE" missed="1" covered="0"/><counter type="COMPLEXITY" missed="1" covered="0"/><counter type="METHOD" missed="1" covered="0"/></method><method name="createSymbol" desc="(Ljava/lang/String;)Lfr/ensimag/deca/tools/SymbolTable$Symbol;" line="372"><counter type="INSTRUCTION" missed="0" covered="5"/><counter type="LINE" missed="0" covered="1"/><counter type="COMPLEXITY" missed="0" covered="1"/><counter type="METHOD" missed="0" covered="1"/></method><method name="compile" desc="()Z" line="381"><counter type="INSTRUCTION" missed="53" covered="37"/><counter type="BRANCH" missed="1" covered="1"/><counter type="LINE" missed="19" covered="8"/><counter type="COMPLEXITY" missed="1" covered="1"/><counter type="METHOD" missed="0" covered="1"/></method><method name="doCompile" desc="(Ljava/lang/String;Ljava/lang/String;Ljava/io/PrintStream;Ljava/io/PrintStream;)Z" line="449"><counter type="INSTRUCTION" missed="33" covered="64"/><counter type="BRANCH" missed="5" covered="5"/><counter type="LINE" missed="8" covered="17"/><counter type="COMPLEXITY" missed="5" covered="1"/><counter type="METHOD" missed="0" covered="1"/></method><method name="doLexingAndParsing" desc="(Ljava/lang/String;Ljava/io/PrintStream;)Lfr/ensimag/deca/tree/AbstractProgram;" line="511"><counter type="INSTRUCTION" missed="8" covered="27"/><counter type="LINE" missed="2" covered="7"/><counter type="COMPLEXITY" missed="0" covered="1"/><counter type="METHOD" missed="0" covered="1"/></method><method name="getIndexGB" desc="()I" line="527"><counter type="INSTRUCTION" missed="0" covered="3"/><counter type="LINE" missed="0" covered="1"/><counter type="COMPLEXITY" missed="0" covered="1"/><counter type="METHOD" missed="0" covered="1"/></method><method name="getAndAddIndexGB" desc="()I" line="532"><counter type="INSTRUCTION" missed="0" covered="8"/><counter type="LINE" missed="0" covered="1"/><counter type="COMPLEXITY" missed="0" covered="1"/><counter type="METHOD" missed="0" covered="1"/></method><method name="getCurrentLabel" desc="()Lfr/ensimag/ima/pseudocode/Label;" line="538"><counter type="INSTRUCTION" missed="3" covered="0"/><counter type="LINE" missed="1" covered="0"/><counter type="COMPLEXITY" missed="1" covered="0"/><counter type="METHOD" missed="1" covered="0"/></method><method name="setCurrentLabel" desc="(Lfr/ensimag/ima/pseudocode/Label;)V" line="542"><counter type="INSTRUCTION" missed="4" covered="0"/><counter type="LINE" missed="2" covered="0"/><counter type="COMPLEXITY" missed="1" covered="0"/><counter type="METHOD" missed="1" covered="0"/></method><method name="getAutrePush" desc="()I" line="548"><counter type="INSTRUCTION" missed="0" covered="3"/><counter type="LINE" missed="0" covered="1"/><counter type="COMPLEXITY" missed="0" covered="1"/><counter type="METHOD" missed="0" covered="1"/></method><method name="setAutrePush" desc="(I)V" line="552"><counter type="INSTRUCTION" missed="8" covered="0"/><counter type="BRANCH" missed="2" covered="0"/><counter type="LINE" missed="3" covered="0"/><counter type="COMPLEXITY" missed="2" covered="0"/><counter type="METHOD" missed="1" covered="0"/></method><method name="getLabelCastId" desc="()I" line="561"><counter type="INSTRUCTION" missed="8" covered="0"/><counter type="LINE" missed="1" covered="0"/><counter type="COMPLEXITY" missed="1" covered="0"/><counter type="METHOD" missed="1" covered="0"/></method><method name="&lt;clinit&gt;" desc="()V" line="201"><counter type="INSTRUCTION" missed="0" covered="8"/><counter type="LINE" missed="0" covered="2"/><counter type="COMPLEXITY" missed="0" covered="1"/><counter type="METHOD" missed="0" covered="1"/></method><counter type="INSTRUCTION" missed="207" covered="358"/><counter type="BRANCH" missed="8" covered="8"/><counter type="LINE" missed="66" covered="103"/><counter type="COMPLEXITY" missed="30" covered="36"/><counter type="METHOD" missed="23" covered="35"/><counter type="CLASS" missed="0" covered="1"/></class><class name="fr/ensimag/deca/DecacFatalError" sourcefilename="DecacFatalError.java"><method name="&lt;init&gt;" desc="(Ljava/lang/String;)V" line="14"><counter type="INSTRUCTION" missed="4" covered="0"/><counter type="LINE" missed="2" covered="0"/><counter type="COMPLEXITY" missed="1" covered="0"/><counter type="METHOD" missed="1" covered="0"/></method><counter type="INSTRUCTION" missed="4" covered="0"/><counter type="LINE" missed="2" covered="0"/><counter type="COMPLEXITY" missed="1" covered="0"/><counter type="METHOD" missed="1" covered="0"/><counter type="CLASS" missed="1" covered="0"/></class><sourcefile name="DecacFatalError.java"><line nr="14" mi="3" ci="0" mb="0" cb="0"/><line nr="15" mi="1" ci="0" mb="0" cb="0"/><counter type="INSTRUCTION" missed="4" covered="0"/><counter type="LINE" missed="2" covered="0"/><counter type="COMPLEXITY" missed="1" covered="0"/><counter type="METHOD" missed="1" covered="0"/><counter type="CLASS" missed="1" covered="0"/></sourcefile><sourcefile name="CLIException.java"><line nr="13" mi="0" ci="3" mb="0" cb="0"/><line nr="14" mi="0" ci="1" mb="0" cb="0"/><counter type="INSTRUCTION" missed="0" covered="4"/><counter type="LINE" missed="0" covered="2"/><counter type="COMPLEXITY" missed="0" covered="1"/><counter type="METHOD" missed="0" covered="1"/><counter type="CLASS" missed="0" covered="1"/></sourcefile><sourcefile name="CompilerOptions.java"><line nr="18" mi="0" ci="3" mb="0" cb="0"/><line nr="24" mi="0" ci="3" mb="0" cb="0"/><line nr="28" mi="0" ci="3" mb="0" cb="0"/><line nr="32" mi="0" ci="3" mb="0" cb="0"/><line nr="36" mi="0" ci="4" mb="0" cb="0"/><line nr="39" mi="0" ci="3" mb="0" cb="0"/><line nr="40" mi="0" ci="3" mb="0" cb="0"/><line nr="41" mi="0" ci="3" mb="0" cb="0"/><line nr="42" mi="0" ci="3" mb="0" cb="0"/><line nr="43" mi="0" ci="3" mb="0" cb="0"/><line nr="44" mi="0" ci="3" mb="0" cb="0"/><line nr="45" mi="0" ci="3" mb="0" cb="0"/><line nr="46" mi="0" ci="6" mb="0" cb="0"/><line nr="51" mi="0" ci="2" mb="0" cb="0"/><line nr="52" mi="0" ci="4" mb="0" cb="2"/><line nr="53" mi="0" ci="4" mb="0" cb="0"/><line nr="55" mi="0" ci="4" mb="0" cb="2"/><line nr="56" mi="0" ci="4" mb="0" cb="0"/><line nr="58" mi="0" ci="4" mb="0" cb="2"/><line nr="59" mi="0" ci="4" mb="0" cb="0"/><line nr="60" mi="0" ci="4" mb="0" cb="2"/><line nr="61" mi="0" ci="4" mb="0" cb="0"/><line nr="62" mi="0" ci="4" mb="1" cb="1"/><line nr="63" mi="4" ci="0" mb="0" cb="0"/><line nr="64" mi="0" ci="4" mb="1" cb="1"/><line nr="65" mi="4" ci="0" mb="0" cb="0"/><line nr="66" mi="0" ci="4" mb="0" cb="2"/><line nr="67" mi="0" ci="1" mb="0" cb="0"/><line nr="68" mi="0" ci="4" mb="1" cb="1"/><line nr="69" mi="5" ci="0" mb="0" cb="0"/><line nr="72" mi="0" ci="5" mb="0" cb="0"/><line nr="73" mi="0" ci="6" mb="2" cb="2"/><line nr="74" mi="5" ci="0" mb="0" cb="0"/><line nr="76" mi="0" ci="3" mb="0" cb="0"/><line nr="77" mi="1" ci="0" mb="0" cb="0"/><line nr="78" mi="5" ci="0" mb="0" cb="0"/><line nr="79" mi="0" ci="1" mb="0" cb="0"/><line nr="80" mi="0" ci="4" mb="0" cb="2"/><line nr="81" mi="0" ci="7" mb="0" cb="0"/><line nr="82" mi="0" ci="4" mb="1" cb="1"/><line nr="84" mi="6" ci="0" mb="0" cb="0"/><line nr="87" mi="0" ci="8" mb="0" cb="0"/><line nr="89" mi="0" ci="1" mb="0" cb="0"/><line nr="90" mi="0" ci="1" mb="0" cb="0"/><line nr="97" mi="0" ci="6" mb="0" cb="4"/><line nr="98" mi="0" ci="5" mb="0" cb="0"/><line nr="101" mi="0" ci="7" mb="1" cb="3"/><line nr="102" mi="3" ci="0" mb="0" cb="0"/><line nr="104" mi="1" ci="0" mb="0" cb="0"/><line nr="107" mi="0" ci="2" mb="0" cb="0"/><line nr="109" mi="0" ci="3" mb="2" cb="3"/><line nr="110" mi="0" ci="1" mb="0" cb="0"/><line nr="112" mi="0" ci="4" mb="0" cb="0"/><line nr="114" mi="0" ci="4" mb="0" cb="0"/><line nr="116" mi="4" ci="0" mb="0" cb="0"/><line nr="118" mi="3" ci="0" mb="0" cb="0"/><line nr="120" mi="0" ci="6" mb="0" cb="0"/><line nr="122" mi="0" ci="2" mb="0" cb="0"/><line nr="123" mi="4" ci="5" mb="1" cb="1"/><line nr="124" mi="0" ci="2" mb="1" cb="1"/><line nr="125" mi="0" ci="4" mb="0" cb="0"/><line nr="127" mi="3" ci="0" mb="0" cb="0"/><line nr="130" mi="0" ci="1" mb="0" cb="0"/><line nr="133" mi="0" ci="3" mb="0" cb="0"/><line nr="135" mi="0" ci="1" mb="0" cb="0"/><line nr="138" mi="0" ci="3" mb="0" cb="0"/><line nr="142" mi="0" ci="3" mb="0" cb="0"/><line nr="146" mi="0" ci="3" mb="0" cb="0"/><line nr="150" mi="0" ci="3" mb="0" cb="0"/><counter type="INSTRUCTION" missed="48" covered="202"/><counter type="BRANCH" missed="11" covered="30"/><counter type="LINE" missed="12" covered="57"/><counter type="COMPLEXITY" missed="11" covered="23"/><counter type="METHOD" missed="0" covered="12"/><counter type="CLASS" missed="0" covered="1"/></sourcefile><sourcefile name="DecacMain.java"><line nr="12" mi="3" ci="0" mb="0" cb="0"/><line nr="13" mi="0" ci="4" mb="0" cb="0"/><line nr="17" mi="0" ci="3" mb="0" cb="0"/><line nr="18" mi="0" ci="2" mb="0" cb="0"/><line nr="19" mi="0" ci="4" mb="0" cb="0"/><line nr="21" mi="0" ci="3" mb="0" cb="0"/><line nr="24" mi="0" ci="1" mb="0" cb="0"/><line nr="25" mi="0" ci="3" mb="0" cb="0"/><line nr="26" mi="0" ci="2" mb="0" cb="0"/><line nr="27" mi="0" ci="2" mb="0" cb="0"/><line nr="28" mi="2" ci="0" mb="0" cb="0"/><line nr="29" mi="0" ci="1" mb="0" cb="0"/><line nr="30" mi="0" ci="3" mb="0" cb="2"/><line nr="33" mi="0" ci="3" mb="0" cb="0"/><line nr="48" mi="0" ci="1" mb="0" cb="0"/><line nr="50" mi="0" ci="3" mb="1" cb="1"/><line nr="52" mi="3" ci="0" mb="0" cb="0"/><line nr="53" mi="3" ci="0" mb="0" cb="0"/><line nr="56" mi="4" ci="0" mb="0" cb="0"/><line nr="58" mi="11" ci="0" mb="2" cb="0"/><line nr="60" mi="4" ci="0" mb="0" cb="0"/><line nr="62" mi="6" ci="0" mb="0" cb="0"/><line nr="63" mi="4" ci="0" mb="0" cb="0"/><line nr="66" mi="6" ci="0" mb="0" cb="0"/><line nr="67" mi="1" ci="0" mb="0" cb="0"/><line nr="70" mi="2" ci="0" mb="0" cb="0"/><line nr="71" mi="10" ci="0" mb="2" cb="0"/><line nr="74" mi="7" ci="0" mb="2" cb="0"/><line nr="75" mi="1" ci="0" mb="0" cb="0"/><line nr="76" mi="2" ci="0" mb="0" cb="0"/><line nr="77" mi="5" ci="0" mb="0" cb="0"/><line nr="78" mi="1" ci="0" mb="0" cb="0"/><line nr="79" mi="1" ci="0" mb="0" cb="0"/><line nr="82" mi="2" ci="0" mb="0" cb="0"/><line nr="83" mi="4" ci="0" mb="2" cb="0"/><line nr="85" mi="1" ci="0" mb="0" cb="0"/><line nr="86" mi="0" ci="11" mb="0" cb="2"/><line nr="87" mi="0" ci="6" mb="0" cb="0"/><line nr="88" mi="0" ci="3" mb="1" cb="1"/><line nr="89" mi="2" ci="0" mb="0" cb="0"/><line nr="91" mi="0" ci="1" mb="0" cb="0"/><line nr="93" mi="3" ci="3" mb="1" cb="1"/><line nr="94" mi="1" ci="0" mb="0" cb="0"/><counter type="INSTRUCTION" missed="89" covered="59"/><counter type="BRANCH" missed="11" covered="7"/><counter type="LINE" missed="24" covered="19"/><counter type="COMPLEXITY" missed="9" covered="4"/><counter type="METHOD" missed="2" covered="2"/><counter type="CLASS" missed="0" covered="1"/></sourcefile><sourcefile name="DecacCompiler.java"><line nr="52" mi="0" ci="3" mb="0" cb="0"/><line nr="53" mi="0" ci="3" mb="0" cb="0"/><line nr="54" mi="0" ci="3" mb="0" cb="0"/><line nr="55" mi="0" ci="3" mb="0" cb="0"/><line nr="56" mi="0" ci="3" mb="0" cb="0"/><line nr="57" mi="0" ci="3" mb="0" cb="0"/><line nr="58" mi="0" ci="3" mb="0" cb="0"/><line nr="59" mi="0" ci="3" mb="0" cb="0"/><line nr="60" mi="0" ci="3" mb="0" cb="0"/><line nr="61" mi="0" ci="3" mb="0" cb="0"/><line nr="65" mi="0" ci="3" mb="0" cb="0"/><line nr="69" mi="3" ci="0" mb="0" cb="0"/><line nr="70" mi="1" ci="0" mb="0" cb="0"/><line nr="74" mi="0" ci="3" mb="0" cb="0"/><line nr="78" mi="0" ci="3" mb="0" cb="0"/><line nr="82" mi="0" ci="3" mb="0" cb="0"/><line nr="87" mi="0" ci="3" mb="0" cb="0"/><line nr="91" mi="0" ci="3" mb="0" cb="0"/><line nr="95" mi="0" ci="3" mb="0" cb="0"/><line nr="103" mi="0" ci="3" mb="0" cb="0"/><line nr="107" mi="0" ci="3" mb="0" cb="0"/><line nr="113" mi="3" ci="0" mb="0" cb="0"/><line nr="114" mi="1" ci="0" mb="0" cb="0"/><line nr="116" mi="3" ci="0" mb="0" cb="0"/><line nr="117" mi="1" ci="0" mb="0" cb="0"/><line nr="120" mi="3" ci="0" mb="0" cb="0"/><line nr="121" mi="1" ci="0" mb="0" cb="0"/><line nr="128" mi="3" ci="0" mb="0" cb="0"/><line nr="129" mi="1" ci="0" mb="0" cb="0"/><line nr="133" mi="3" ci="0" mb="0" cb="0"/><line nr="134" mi="1" ci="0" mb="0" cb="0"/><line nr="161" mi="7" ci="0" mb="0" cb="0"/><line nr="165" mi="6" ci="0" mb="0" cb="0"/><line nr="166" mi="1" ci="0" mb="0" cb="0"/><line nr="170" mi="6" ci="0" mb="0" cb="0"/><line nr="171" mi="1" ci="0" mb="0" cb="0"/><line nr="174" mi="3" ci="0" mb="0" cb="0"/><line nr="178" mi="6" ci="0" mb="0" cb="0"/><line nr="179" mi="1" ci="0" mb="0" cb="0"/><line nr="184" mi="0" ci="3" mb="0" cb="0"/><line nr="185" mi="0" ci="3" mb="0" cb="0"/><line nr="189" mi="8" ci="0" mb="0" cb="0"/><line nr="193" mi="0" ci="8" mb="0" cb="0"/><line nr="201" mi="0" ci="3" mb="0" cb="0"/><line nr="206" mi="0" ci="5" mb="0" cb="0"/><line nr="209" mi="0" ci="5" mb="0" cb="0"/><line nr="212" mi="0" ci="5" mb="0" cb="0"/><line nr="216" mi="0" ci="4" mb="0" cb="0"/><line nr="217" mi="0" ci="1" mb="0" cb="0"/><line nr="220" mi="0" ci="4" mb="0" cb="0"/><line nr="223" mi="3" ci="0" mb="0" cb="0"/><line nr="224" mi="1" ci="0" mb="0" cb="0"/><line nr="227" mi="0" ci="4" mb="0" cb="0"/><line nr="231" mi="0" ci="4" mb="0" cb="0"/><line nr="232" mi="0" ci="1" mb="0" cb="0"/><line nr="235" mi="0" ci="4" mb="0" cb="0"/><line nr="239" mi="0" ci="4" mb="0" cb="0"/><line nr="240" mi="0" ci="1" mb="0" cb="0"/><line nr="243" mi="0" ci="4" mb="0" cb="0"/><line nr="244" mi="0" ci="1" mb="0" cb="0"/><line nr="247" mi="0" ci="4" mb="0" cb="0"/><line nr="248" mi="0" ci="1" mb="0" cb="0"/><line nr="250" mi="0" ci="5" mb="0" cb="0"/><line nr="253" mi="4" ci="0" mb="0" cb="0"/><line nr="257" mi="4" ci="0" mb="0" cb="0"/><line nr="262" mi="0" ci="2" mb="0" cb="0"/><line nr="263" mi="0" ci="3" mb="0" cb="0"/><line nr="264" mi="0" ci="3" mb="0" cb="0"/><line nr="266" mi="0" ci="2" mb="0" cb="2"/><line nr="267" mi="0" ci="4" mb="0" cb="0"/><line nr="269" mi="0" ci="2" mb="0" cb="0"/><line nr="271" mi="0" ci="4" mb="0" cb="0"/><line nr="272" mi="0" ci="6" mb="0" cb="0"/><line nr="273" mi="0" ci="1" mb="0" cb="0"/><line nr="279" mi="3" ci="0" mb="0" cb="0"/><line nr="287" mi="0" ci="3" mb="0" cb="0"/><line nr="295" mi="4" ci="0" mb="0" cb="0"/><line nr="296" mi="1" ci="0" mb="0" cb="0"/><line nr="302" mi="0" ci="4" mb="0" cb="0"/><line nr="303" mi="0" ci="1" mb="0" cb="0"/><line nr="310" mi="0" ci="4" mb="0" cb="0"/><line nr="311" mi="0" ci="1" mb="0" cb="0"/><line nr="318" mi="0" ci="4" mb="0" cb="0"/><line nr="319" mi="0" ci="1" mb="0" cb="0"/><line nr="326" mi="0" ci="4" mb="0" cb="0"/><line nr="327" mi="0" ci="1" mb="0" cb="0"/><line nr="334" mi="0" ci="4" mb="0" cb="0"/><line nr="335" mi="0" ci="1" mb="0" cb="0"/><line nr="344" mi="0" ci="5" mb="0" cb="0"/><line nr="345" mi="0" ci="1" mb="0" cb="0"/><line nr="352" mi="4" ci="0" mb="0" cb="0"/><line nr="359" mi="0" ci="5" mb="0" cb="0"/><line nr="363" mi="3" ci="0" mb="0" cb="0"/><line nr="367" mi="0" ci="5" mb="0" cb="0"/><line nr="372" mi="0" ci="5" mb="0" cb="0"/><line nr="381" mi="0" ci="4" mb="0" cb="0"/><line nr="382" mi="0" ci="2" mb="0" cb="0"/><line nr="393" mi="0" ci="4" mb="1" cb="1"/><line nr="395" mi="0" ci="11" mb="0" cb="0"/><line nr="398" mi="5" ci="0" mb="0" cb="0"/><line nr="407" mi="0" ci="2" mb="0" cb="0"/><line nr="408" mi="0" ci="2" mb="0" cb="0"/><line nr="409" mi="0" ci="5" mb="0" cb="0"/><line nr="411" mi="0" ci="7" mb="0" cb="0"/><line nr="412" mi="1" ci="0" mb="0" cb="0"/><line nr="413" mi="3" ci="0" mb="0" cb="0"/><line nr="414" mi="2" ci="0" mb="0" cb="0"/><line nr="415" mi="1" ci="0" mb="0" cb="0"/><line nr="416" mi="4" ci="0" mb="0" cb="0"/><line nr="417" mi="2" ci="0" mb="0" cb="0"/><line nr="418" mi="1" ci="0" mb="0" cb="0"/><line nr="419" mi="4" ci="0" mb="0" cb="0"/><line nr="420" mi="4" ci="0" mb="0" cb="0"/><line nr="421" mi="2" ci="0" mb="0" cb="0"/><line nr="422" mi="1" ci="0" mb="0" cb="0"/><line nr="423" mi="5" ci="0" mb="0" cb="0"/><line nr="425" mi="4" ci="0" mb="0" cb="0"/><line nr="426" mi="2" ci="0" mb="0" cb="0"/><line nr="427" mi="1" ci="0" mb="0" cb="0"/><line nr="428" mi="5" ci="0" mb="0" cb="0"/><line nr="430" mi="4" ci="0" mb="0" cb="0"/><line nr="431" mi="2" ci="0" mb="0" cb="0"/><line nr="449" mi="0" ci="5" mb="0" cb="0"/><line nr="451" mi="0" ci="2" mb="1" cb="1"/><line nr="452" mi="3" ci="0" mb="0" cb="0"/><line nr="453" mi="2" ci="0" mb="0" cb="0"/><line nr="455" mi="4" ci="4" mb="1" cb="1"/><line nr="459" mi="0" ci="4" mb="1" cb="1"/><line nr="460" mi="5" ci="0" mb="0" cb="0"/><line nr="461" mi="3" ci="0" mb="0" cb="0"/><line nr="462" mi="2" ci="0" mb="0" cb="0"/><line nr="466" mi="0" ci="3" mb="0" cb="0"/><line nr="467" mi="4" ci="4" mb="1" cb="1"/><line nr="470" mi="0" ci="4" mb="1" cb="1"/><line nr="472" mi="2" ci="0" mb="0" cb="0"/><line nr="475" mi="0" ci="3" mb="0" cb="0"/><line nr="477" mi="0" ci="7" mb="0" cb="0"/><line nr="478" mi="0" ci="4" mb="0" cb="0"/><line nr="480" mi="0" ci="2" mb="0" cb="0"/><line nr="482" mi="0" ci="5" mb="0" cb="0"/><line nr="483" mi="1" ci="0" mb="0" cb="0"/><line nr="484" mi="7" ci="0" mb="0" cb="0"/><line nr="485" mi="0" ci="1" mb="0" cb="0"/><line nr="487" mi="0" ci="3" mb="0" cb="0"/><line nr="489" mi="0" ci="7" mb="0" cb="0"/><line nr="490" mi="0" ci="4" mb="0" cb="0"/><line nr="491" mi="0" ci="2" mb="0" cb="0"/><line nr="511" mi="0" ci="6" mb="0" cb="0"/><line nr="512" mi="1" ci="0" mb="0" cb="0"/><line nr="513" mi="7" ci="0" mb="0" cb="0"/><line nr="514" mi="0" ci="1" mb="0" cb="0"/><line nr="515" mi="0" ci="3" mb="0" cb="0"/><line nr="516" mi="0" ci="5" mb="0" cb="0"/><line nr="517" mi="0" ci="5" mb="0" cb="0"/><line nr="518" mi="0" ci="3" mb="0" cb="0"/><line nr="519" mi="0" ci="4" mb="0" cb="0"/><line nr="524" mi="0" ci="3" mb="0" cb="0"/><line nr="527" mi="0" ci="3" mb="0" cb="0"/><line nr="532" mi="0" ci="8" mb="0" cb="0"/><line nr="538" mi="3" ci="0" mb="0" cb="0"/><line nr="542" mi="3" ci="0" mb="0" cb="0"/><line nr="543" mi="1" ci="0" mb="0" cb="0"/><line nr="545" mi="0" ci="3" mb="0" cb="0"/><line nr="548" mi="0" ci="3" mb="0" cb="0"/><line nr="552" mi="4" ci="0" mb="2" cb="0"/><line nr="553" mi="3" ci="0" mb="0" cb="0"/><line nr="555" mi="1" ci="0" mb="0" cb="0"/><line nr="558" mi="0" ci="3" mb="0" cb="0"/><line nr="561" mi="8" ci="0" mb="0" cb="0"/><counter type="INSTRUCTION" missed="207" covered="358"/><counter type="BRANCH" missed="8" covered="8"/><counter type="LINE" missed="66" covered="103"/><counter type="COMPLEXITY" missed="30" covered="36"/><counter type="METHOD" missed="23" covered="35"/><counter type="CLASS" missed="0" covered="1"/></sourcefile><counter type="INSTRUCTION" missed="348" covered="623"/><counter type="BRANCH" missed="30" covered="45"/><counter type="LINE" missed="104" covered="181"/><counter type="COMPLEXITY" missed="51" covered="64"/><counter type="METHOD" missed="26" covered="50"/><counter type="CLASS" missed="1" covered="4"/></package><package name="fr/ensimag/deca/codegen"><class name="fr/ensimag/deca/codegen/GestionnaireLabel" sourcefilename="GestionnaireLabel.java"><method name="&lt;init&gt;" desc="()V" line="3"><counter type="INSTRUCTION" missed="0" covered="6"/><counter type="LINE" missed="0" covered="2"/><counter type="COMPLEXITY" missed="0" covered="1"/><counter type="METHOD" missed="0" covered="1"/></method><method name="getCompteurLabelWhile" desc="()I" line="8"><counter type="INSTRUCTION" missed="3" covered="0"/><counter type="LINE" missed="1" covered="0"/><counter type="COMPLEXITY" missed="1" covered="0"/><counter type="METHOD" missed="1" covered="0"/></method><method name="incrementerCompteurLabelWhile" desc="()I" line="12"><counter type="INSTRUCTION" missed="0" covered="8"/><counter type="LINE" missed="0" covered="1"/><counter type="COMPLEXITY" missed="0" covered="1"/><counter type="METHOD" missed="0" covered="1"/></method><counter type="INSTRUCTION" missed="3" covered="14"/><counter type="LINE" missed="1" covered="3"/><counter type="COMPLEXITY" missed="1" covered="2"/><counter type="METHOD" missed="1" covered="2"/><counter type="CLASS" missed="0" covered="1"/></class><class name="fr/ensimag/deca/codegen/GestionnaireRegistre" sourcefilename="GestionnaireRegistre.java"><method name="&lt;init&gt;" desc="()V" line="18"><counter type="INSTRUCTION" missed="0" covered="15"/><counter type="LINE" missed="0" covered="6"/><counter type="COMPLEXITY" missed="0" covered="1"/><counter type="METHOD" missed="0" covered="1"/></method><method name="setRMax" desc="(I)V" line="27"><counter type="INSTRUCTION" missed="0" covered="4"/><counter type="LINE" missed="0" covered="2"/><counter type="COMPLEXITY" missed="0" covered="1"/><counter type="METHOD" missed="0" covered="1"/></method><method name="utiliserRegistre" desc="(Lfr/ensimag/deca/DecacCompiler;)Lfr/ensimag/ima/pseudocode/GPRegister;" line="34"><counter type="INSTRUCTION" missed="0" covered="36"/><counter type="BRANCH" missed="0" covered="2"/><counter type="LINE" missed="0" covered="5"/><counter type="COMPLEXITY" missed="0" covered="2"/><counter type="METHOD" missed="0" covered="1"/></method><method name="libererRegistre" desc="(Lfr/ensimag/deca/DecacCompiler;)V" line="48"><counter type="INSTRUCTION" missed="0" covered="31"/><counter type="BRANCH" missed="0" covered="4"/><counter type="LINE" missed="0" covered="6"/><counter type="COMPLEXITY" missed="0" covered="3"/><counter type="METHOD" missed="0" covered="1"/></method><method name="simulerAllocationRegistre" desc="()I" line="57"><counter type="INSTRUCTION" missed="11" covered="13"/><counter type="BRANCH" missed="1" covered="1"/><counter type="LINE" missed="2" covered="2"/><counter type="COMPLEXITY" missed="1" covered="1"/><counter type="METHOD" missed="0" covered="1"/></method><method name="simulerLiberationRegistre" desc="()V" line="66"><counter type="INSTRUCTION" missed="21" covered="0"/><counter type="BRANCH" missed="4" covered="0"/><counter type="LINE" missed="5" covered="0"/><counter type="COMPLEXITY" missed="3" covered="0"/><counter type="METHOD" missed="1" covered="0"/></method><method name="resetGestionnaireRegistre" desc="(Z)V" line="79"><counter type="INSTRUCTION" missed="9" covered="9"/><counter type="BRANCH" missed="1" covered="1"/><counter type="LINE" missed="2" covered="4"/><counter type="COMPLEXITY" missed="1" covered="1"/><counter type="METHOD" missed="0" covered="1"/></method><method name="commencerSimulationRegistre" desc="(Z)V" line="90"><counter type="INSTRUCTION" missed="0" covered="17"/><counter type="BRANCH" missed="1" covered="1"/><counter type="LINE" missed="0" covered="6"/><counter type="COMPLEXITY" missed="1" covered="1"/><counter type="METHOD" missed="0" covered="1"/></method><method name="getCompteurRegistre" desc="()I" line="104"><counter type="INSTRUCTION" missed="0" covered="3"/><counter type="LINE" missed="0" covered="1"/><counter type="COMPLEXITY" missed="0" covered="1"/><counter type="METHOD" missed="0" covered="1"/></method><method name="setCompteurRegistre" desc="(I)V" line="108"><counter type="INSTRUCTION" missed="0" covered="4"/><counter type="LINE" missed="0" covered="2"/><counter type="COMPLEXITY" missed="0" covered="1"/><counter type="METHOD" missed="0" covered="1"/></method><method name="getNbRegStokes" desc="()I" line="112"><counter type="INSTRUCTION" missed="0" covered="3"/><counter type="LINE" missed="0" covered="1"/><counter type="COMPLEXITY" missed="0" covered="1"/><counter type="METHOD" missed="0" covered="1"/></method><method name="setNbRegStokes" desc="(I)V" line="116"><counter type="INSTRUCTION" missed="0" covered="4"/><counter type="LINE" missed="0" covered="2"/><counter type="COMPLEXITY" missed="0" covered="1"/><counter type="METHOD" missed="0" covered="1"/></method><counter type="INSTRUCTION" missed="41" covered="139"/><counter type="BRANCH" missed="7" covered="9"/><counter type="LINE" missed="9" covered="37"/><counter type="COMPLEXITY" missed="6" covered="14"/><counter type="METHOD" missed="1" covered="11"/><counter type="CLASS" missed="0" covered="1"/></class><sourcefile name="GestionnaireLabel.java"><line nr="3" mi="0" ci="2" mb="0" cb="0"/><line nr="5" mi="0" ci="4" mb="0" cb="0"/><line nr="8" mi="3" ci="0" mb="0" cb="0"/><line nr="12" mi="0" ci="8" mb="0" cb="0"/><counter type="INSTRUCTION" missed="3" covered="14"/><counter type="LINE" missed="1" covered="3"/><counter type="COMPLEXITY" missed="1" covered="2"/><counter type="METHOD" missed="1" covered="2"/><counter type="CLASS" missed="0" covered="1"/></sourcefile><sourcefile name="GestionnaireRegistre.java"><line nr="18" mi="0" ci="3" mb="0" cb="0"/><line nr="19" mi="0" ci="3" mb="0" cb="0"/><line nr="23" mi="0" ci="2" mb="0" cb="0"/><line nr="24" mi="0" ci="1" mb="0" cb="0"/><line nr="27" mi="0" ci="3" mb="0" cb="0"/><line nr="28" mi="0" ci="1" mb="0" cb="0"/><line nr="34" mi="0" ci="5" mb="0" cb="2"/><line nr="35" mi="0" ci="9" mb="0" cb="0"/><line nr="37" mi="0" ci="6" mb="0" cb="0"/><line nr="39" mi="0" ci="10" mb="0" cb="0"/><line nr="40" mi="0" ci="6" mb="0" cb="0"/><line nr="48" mi="0" ci="3" mb="0" cb="2"/><line nr="49" mi="0" ci="6" mb="0" cb="0"/><line nr="50" mi="0" ci="11" mb="0" cb="0"/><line nr="51" mi="0" ci="4" mb="0" cb="2"/><line nr="52" mi="0" ci="6" mb="0" cb="0"/><line nr="54" mi="0" ci="1" mb="0" cb="0"/><line nr="57" mi="0" ci="5" mb="1" cb="1"/><line nr="58" mi="0" ci="8" mb="0" cb="0"/><line nr="60" mi="6" ci="0" mb="0" cb="0"/><line nr="61" mi="5" ci="0" mb="0" cb="0"/><line nr="66" mi="3" ci="0" mb="2" cb="0"/><line nr="67" mi="7" ci="0" mb="0" cb="0"/><line nr="68" mi="4" ci="0" mb="2" cb="0"/><line nr="69" mi="6" ci="0" mb="0" cb="0"/><line nr="71" mi="1" ci="0" mb="0" cb="0"/><line nr="73" mi="0" ci="3" mb="0" cb="0"/><line nr="74" mi="0" ci="3" mb="0" cb="0"/><line nr="79" mi="0" ci="2" mb="1" cb="1"/><line nr="80" mi="4" ci="0" mb="0" cb="0"/><line nr="81" mi="5" ci="0" mb="0" cb="0"/><line nr="83" mi="0" ci="3" mb="0" cb="0"/><line nr="84" mi="0" ci="3" mb="0" cb="0"/><line nr="86" mi="0" ci="1" mb="0" cb="0"/><line nr="90" mi="0" ci="4" mb="0" cb="0"/><line nr="91" mi="0" ci="4" mb="0" cb="0"/><line nr="93" mi="0" ci="2" mb="1" cb="1"/><line nr="95" mi="0" ci="3" mb="0" cb="0"/><line nr="96" mi="0" ci="3" mb="0" cb="0"/><line nr="99" mi="0" ci="1" mb="0" cb="0"/><line nr="104" mi="0" ci="3" mb="0" cb="0"/><line nr="108" mi="0" ci="3" mb="0" cb="0"/><line nr="109" mi="0" ci="1" mb="0" cb="0"/><line nr="112" mi="0" ci="3" mb="0" cb="0"/><line nr="116" mi="0" ci="3" mb="0" cb="0"/><line nr="117" mi="0" ci="1" mb="0" cb="0"/><counter type="INSTRUCTION" missed="41" covered="139"/><counter type="BRANCH" missed="7" covered="9"/><counter type="LINE" missed="9" covered="37"/><counter type="COMPLEXITY" missed="6" covered="14"/><counter type="METHOD" missed="1" covered="11"/><counter type="CLASS" missed="0" covered="1"/></sourcefile><counter type="INSTRUCTION" missed="44" covered="153"/><counter type="BRANCH" missed="7" covered="9"/><counter type="LINE" missed="10" covered="40"/><counter type="COMPLEXITY" missed="7" covered="16"/><counter type="METHOD" missed="2" covered="13"/><counter type="CLASS" missed="0" covered="2"/></package><package name="fr/ensimag/ima/pseudocode/instructions"><class name="fr/ensimag/ima/pseudocode/instructions/TSTO" sourcefilename="TSTO.java"><method name="&lt;init&gt;" desc="(Lfr/ensimag/ima/pseudocode/ImmediateInteger;)V" line="12"><counter type="INSTRUCTION" missed="4" covered="0"/><counter type="LINE" missed="2" covered="0"/><counter type="COMPLEXITY" missed="1" covered="0"/><counter type="METHOD" missed="1" covered="0"/></method><method name="&lt;init&gt;" desc="(I)V" line="16"><counter type="INSTRUCTION" missed="0" covered="4"/><counter type="LINE" missed="0" covered="2"/><counter type="COMPLEXITY" missed="0" covered="1"/><counter type="METHOD" missed="0" covered="1"/></method><counter type="INSTRUCTION" missed="4" covered="4"/><counter type="LINE" missed="2" covered="2"/><counter type="COMPLEXITY" missed="1" covered="1"/><counter type="METHOD" missed="1" covered="1"/><counter type="CLASS" missed="0" covered="1"/></class><class name="fr/ensimag/ima/pseudocode/instructions/SEQ" sourcefilename="SEQ.java"><method name="&lt;init&gt;" desc="(Lfr/ensimag/ima/pseudocode/GPRegister;)V" line="14"><counter type="INSTRUCTION" missed="0" covered="4"/><counter type="LINE" missed="0" covered="2"/><counter type="COMPLEXITY" missed="0" covered="1"/><counter type="METHOD" missed="0" covered="1"/></method><counter type="INSTRUCTION" missed="0" covered="4"/><counter type="LINE" missed="0" covered="2"/><counter type="COMPLEXITY" missed="0" covered="1"/><counter type="METHOD" missed="0" covered="1"/><counter type="CLASS" missed="0" covered="1"/></class><class name="fr/ensimag/ima/pseudocode/instructions/WNL" sourcefilename="WNL.java"><method name="&lt;init&gt;" desc="()V" line="9"><counter type="INSTRUCTION" missed="0" covered="3"/><counter type="LINE" missed="0" covered="1"/><counter type="COMPLEXITY" missed="0" covered="1"/><counter type="METHOD" missed="0" covered="1"/></method><counter type="INSTRUCTION" missed="0" covered="3"/><counter type="LINE" missed="0" covered="1"/><counter type="COMPLEXITY" missed="0" covered="1"/><counter type="METHOD" missed="0" covered="1"/><counter type="CLASS" missed="0" covered="1"/></class><class name="fr/ensimag/ima/pseudocode/instructions/RTS" sourcefilename="RTS.java"><method name="&lt;init&gt;" desc="()V" line="9"><counter type="INSTRUCTION" missed="0" covered="3"/><counter type="LINE" missed="0" covered="1"/><counter type="COMPLEXITY" missed="0" covered="1"/><counter type="METHOD" missed="0" covered="1"/></method><counter type="INSTRUCTION" missed="0" covered="3"/><counter type="LINE" missed="0" covered="1"/><counter type="COMPLEXITY" missed="0" covered="1"/><counter type="METHOD" missed="0" covered="1"/><counter type="CLASS" missed="0" covered="1"/></class><class name="fr/ensimag/ima/pseudocode/instructions/FMA" sourcefilename="FMA.java"><method name="&lt;init&gt;" desc="(Lfr/ensimag/ima/pseudocode/DVal;Lfr/ensimag/ima/pseudocode/GPRegister;)V" line="13"><counter type="INSTRUCTION" missed="5" covered="0"/><counter type="LINE" missed="2" covered="0"/><counter type="COMPLEXITY" missed="1" covered="0"/><counter type="METHOD" missed="1" covered="0"/></method><counter type="INSTRUCTION" missed="5" covered="0"/><counter type="LINE" missed="2" covered="0"/><counter type="COMPLEXITY" missed="1" covered="0"/><counter type="METHOD" missed="1" covered="0"/><counter type="CLASS" missed="1" covered="0"/></class><class name="fr/ensimag/ima/pseudocode/instructions/ADDSP" sourcefilename="ADDSP.java"><method name="&lt;init&gt;" desc="(Lfr/ensimag/ima/pseudocode/ImmediateInteger;)V" line="15"><counter type="INSTRUCTION" missed="4" covered="0"/><counter type="LINE" missed="2" covered="0"/><counter type="COMPLEXITY" missed="1" covered="0"/><counter type="METHOD" missed="1" covered="0"/></method><method name="&lt;init&gt;" desc="(I)V" line="19"><counter type="INSTRUCTION" missed="0" covered="4"/><counter type="LINE" missed="0" covered="2"/><counter type="COMPLEXITY" missed="0" covered="1"/><counter type="METHOD" missed="0" covered="1"/></method><counter type="INSTRUCTION" missed="4" covered="4"/><counter type="LINE" missed="2" covered="2"/><counter type="COMPLEXITY" missed="1" covered="1"/><counter type="METHOD" missed="1" covered="1"/><counter type="CLASS" missed="0" covered="1"/></class><class name="fr/ensimag/ima/pseudocode/instructions/PUSH" sourcefilename="PUSH.java"><method name="&lt;init&gt;" desc="(Lfr/ensimag/ima/pseudocode/Register;)V" line="12"><counter type="INSTRUCTION" missed="0" covered="4"/><counter type="LINE" missed="0" covered="2"/><counter type="COMPLEXITY" missed="0" covered="1"/><counter type="METHOD" missed="0" covered="1"/></method><counter type="INSTRUCTION" missed="0" covered="4"/><counter type="LINE" missed="0" covered="2"/><counter type="COMPLEXITY" missed="0" covered="1"/><counter type="METHOD" missed="0" covered="1"/><counter type="CLASS" missed="0" covered="1"/></class><class name="fr/ensimag/ima/pseudocode/instructions/BEQ" sourcefilename="BEQ.java"><method name="&lt;init&gt;" desc="(Lfr/ensimag/ima/pseudocode/Label;)V" line="14"><counter type="INSTRUCTION" missed="0" covered="4"/><counter type="LINE" missed="0" covered="2"/><counter type="COMPLEXITY" missed="0" covered="1"/><counter type="METHOD" missed="0" covered="1"/></method><counter type="INSTRUCTION" missed="0" covered="4"/><counter type="LINE" missed="0" covered="2"/><counter type="COMPLEXITY" missed="0" covered="1"/><counter type="METHOD" missed="0" covered="1"/><counter type="CLASS" missed="0" covered="1"/></class><class name="fr/ensimag/ima/pseudocode/instructions/SGE" sourcefilename="SGE.java"><method name="&lt;init&gt;" desc="(Lfr/ensimag/ima/pseudocode/GPRegister;)V" line="14"><counter type="INSTRUCTION" missed="4" covered="0"/><counter type="LINE" missed="2" covered="0"/><counter type="COMPLEXITY" missed="1" covered="0"/><counter type="METHOD" missed="1" covered="0"/></method><counter type="INSTRUCTION" missed="4" covered="0"/><counter type="LINE" missed="2" covered="0"/><counter type="COMPLEXITY" missed="1" covered="0"/><counter type="METHOD" missed="1" covered="0"/><counter type="CLASS" missed="1" covered="0"/></class><class name="fr/ensimag/ima/pseudocode/instructions/DIV" sourcefilename="DIV.java"><method name="&lt;init&gt;" desc="(Lfr/ensimag/ima/pseudocode/DVal;Lfr/ensimag/ima/pseudocode/GPRegister;)V" line="15"><counter type="INSTRUCTION" missed="0" covered="5"/><counter type="LINE" missed="0" covered="2"/><counter type="COMPLEXITY" missed="0" covered="1"/><counter type="METHOD" missed="0" covered="1"/></method><counter type="INSTRUCTION" missed="0" covered="5"/><counter type="LINE" missed="0" covered="2"/><counter type="COMPLEXITY" missed="0" covered="1"/><counter type="METHOD" missed="0" covered="1"/><counter type="CLASS" missed="0" covered="1"/></class><class name="fr/ensimag/ima/pseudocode/instructions/RFLOAT" sourcefilename="RFLOAT.java"><method name="&lt;init&gt;" desc="()V" line="9"><counter type="INSTRUCTION" missed="3" covered="0"/><counter type="LINE" missed="1" covered="0"/><counter type="COMPLEXITY" missed="1" covered="0"/><counter type="METHOD" missed="1" covered="0"/></method><counter type="INSTRUCTION" missed="3" covered="0"/><counter type="LINE" missed="1" covered="0"/><counter type="COMPLEXITY" missed="1" covered="0"/><counter type="METHOD" missed="1" covered="0"/><counter type="CLASS" missed="1" covered="0"/></class><class name="fr/ensimag/ima/pseudocode/instructions/LOAD" sourcefilename="LOAD.java"><method name="&lt;init&gt;" desc="(Lfr/ensimag/ima/pseudocode/DVal;Lfr/ensimag/ima/pseudocode/GPRegister;)V" line="15"><counter type="INSTRUCTION" missed="0" covered="5"/><counter type="LINE" missed="0" covered="2"/><counter type="COMPLEXITY" missed="0" covered="1"/><counter type="METHOD" missed="0" covered="1"/></method><method name="&lt;init&gt;" desc="(ILfr/ensimag/ima/pseudocode/GPRegister;)V" line="19"><counter type="INSTRUCTION" missed="0" covered="8"/><counter type="LINE" missed="0" covered="2"/><counter type="COMPLEXITY" missed="0" covered="1"/><counter type="METHOD" missed="0" covered="1"/></method><counter type="INSTRUCTION" missed="0" covered="13"/><counter type="LINE" missed="0" covered="4"/><counter type="COMPLEXITY" missed="0" covered="2"/><counter type="METHOD" missed="0" covered="2"/><counter type="CLASS" missed="0" covered="1"/></class><class name="fr/ensimag/ima/pseudocode/instructions/SUB" sourcefilename="SUB.java"><method name="&lt;init&gt;" desc="(Lfr/ensimag/ima/pseudocode/DVal;Lfr/ensimag/ima/pseudocode/GPRegister;)V" line="13"><counter type="INSTRUCTION" missed="0" covered="5"/><counter type="LINE" missed="0" covered="2"/><counter type="COMPLEXITY" missed="0" covered="1"/><counter type="METHOD" missed="0" covered="1"/></method><counter type="INSTRUCTION" missed="0" covered="5"/><counter type="LINE" missed="0" covered="2"/><counter type="COMPLEXITY" missed="0" covered="1"/><counter type="METHOD" missed="0" covered="1"/><counter type="CLASS" missed="0" covered="1"/></class><class name="fr/ensimag/ima/pseudocode/instructions/BSR" sourcefilename="BSR.java"><method name="&lt;init&gt;" desc="(Lfr/ensimag/ima/pseudocode/DVal;)V" line="15"><counter type="INSTRUCTION" missed="0" covered="4"/><counter type="LINE" missed="0" covered="2"/><counter type="COMPLEXITY" missed="0" covered="1"/><counter type="METHOD" missed="0" covered="1"/></method><method name="&lt;init&gt;" desc="(Lfr/ensimag/ima/pseudocode/Label;)V" line="19"><counter type="INSTRUCTION" missed="7" covered="0"/><counter type="LINE" missed="2" covered="0"/><counter type="COMPLEXITY" missed="1" covered="0"/><counter type="METHOD" missed="1" covered="0"/></method><counter type="INSTRUCTION" missed="7" covered="4"/><counter type="LINE" missed="2" covered="2"/><counter type="COMPLEXITY" missed="1" covered="1"/><counter type="METHOD" missed="1" covered="1"/><counter type="CLASS" missed="0" covered="1"/></class><class name="fr/ensimag/ima/pseudocode/instructions/POP" sourcefilename="POP.java"><method name="&lt;init&gt;" desc="(Lfr/ensimag/ima/pseudocode/GPRegister;)V" line="14"><counter type="INSTRUCTION" missed="0" covered="4"/><counter type="LINE" missed="0" covered="2"/><counter type="COMPLEXITY" missed="0" covered="1"/><counter type="METHOD" missed="0" covered="1"/></method><counter type="INSTRUCTION" missed="0" covered="4"/><counter type="LINE" missed="0" covered="2"/><counter type="COMPLEXITY" missed="0" covered="1"/><counter type="METHOD" missed="0" covered="1"/><counter type="CLASS" missed="0" covered="1"/></class><class name="fr/ensimag/ima/pseudocode/instructions/PEA" sourcefilename="PEA.java"><method name="&lt;init&gt;" desc="(Lfr/ensimag/ima/pseudocode/DAddr;)V" line="13"><counter type="INSTRUCTION" missed="4" covered="0"/><counter type="LINE" missed="2" covered="0"/><counter type="COMPLEXITY" missed="1" covered="0"/><counter type="METHOD" missed="1" covered="0"/></method><counter type="INSTRUCTION" missed="4" covered="0"/><counter type="LINE" missed="2" covered="0"/><counter type="COMPLEXITY" missed="1" covered="0"/><counter type="METHOD" missed="1" covered="0"/><counter type="CLASS" missed="1" covered="0"/></class><class name="fr/ensimag/ima/pseudocode/instructions/REM" sourcefilename="REM.java"><method name="&lt;init&gt;" desc="(Lfr/ensimag/ima/pseudocode/DVal;Lfr/ensimag/ima/pseudocode/GPRegister;)V" line="15"><counter type="INSTRUCTION" missed="0" covered="5"/><counter type="LINE" missed="0" covered="2"/><counter type="COMPLEXITY" missed="0" covered="1"/><counter type="METHOD" missed="0" covered="1"/></method><counter type="INSTRUCTION" missed="0" covered="5"/><counter type="LINE" missed="0" covered="2"/><counter type="COMPLEXITY" missed="0" covered="1"/><counter type="METHOD" missed="0" covered="1"/><counter type="CLASS" missed="0" covered="1"/></class><class name="fr/ensimag/ima/pseudocode/instructions/SGT" sourcefilename="SGT.java"><method name="&lt;init&gt;" desc="(Lfr/ensimag/ima/pseudocode/GPRegister;)V" line="14"><counter type="INSTRUCTION" missed="4" covered="0"/><counter type="LINE" missed="2" covered="0"/><counter type="COMPLEXITY" missed="1" covered="0"/><counter type="METHOD" missed="1" covered="0"/></method><counter type="INSTRUCTION" missed="4" covered="0"/><counter type="LINE" missed="2" covered="0"/><counter type="COMPLEXITY" missed="1" covered="0"/><counter type="METHOD" missed="1" covered="0"/><counter type="CLASS" missed="1" covered="0"/></class><class name="fr/ensimag/ima/pseudocode/instructions/ADD" sourcefilename="ADD.java"><method name="&lt;init&gt;" desc="(Lfr/ensimag/ima/pseudocode/DVal;Lfr/ensimag/ima/pseudocode/GPRegister;)V" line="13"><counter type="INSTRUCTION" missed="0" covered="5"/><counter type="LINE" missed="0" covered="2"/><counter type="COMPLEXITY" missed="0" covered="1"/><counter type="METHOD" missed="0" covered="1"/></method><counter type="INSTRUCTION" missed="0" covered="5"/><counter type="LINE" missed="0" covered="2"/><counter type="COMPLEXITY" missed="0" covered="1"/><counter type="METHOD" missed="0" covered="1"/><counter type="CLASS" missed="0" covered="1"/></class><class name="fr/ensimag/ima/pseudocode/instructions/WFLOAT" sourcefilename="WFLOAT.java"><method name="&lt;init&gt;" desc="()V" line="10"><counter type="INSTRUCTION" missed="0" covered="3"/><counter type="LINE" missed="0" covered="1"/><counter type="COMPLEXITY" missed="0" covered="1"/><counter type="METHOD" missed="0" covered="1"/></method><counter type="INSTRUCTION" missed="0" covered="3"/><counter type="LINE" missed="0" covered="1"/><counter type="COMPLEXITY" missed="0" covered="1"/><counter type="METHOD" missed="0" covered="1"/><counter type="CLASS" missed="0" covered="1"/></class><class name="fr/ensimag/ima/pseudocode/instructions/OPP" sourcefilename="OPP.java"><method name="&lt;init&gt;" desc="(Lfr/ensimag/ima/pseudocode/DVal;Lfr/ensimag/ima/pseudocode/GPRegister;)V" line="13"><counter type="INSTRUCTION" missed="0" covered="5"/><counter type="LINE" missed="0" covered="2"/><counter type="COMPLEXITY" missed="0" covered="1"/><counter type="METHOD" missed="0" covered="1"/></method><counter type="INSTRUCTION" missed="0" covered="5"/><counter type="LINE" missed="0" covered="2"/><counter type="COMPLEXITY" missed="0" covered="1"/><counter type="METHOD" missed="0" covered="1"/><counter type="CLASS" missed="0" covered="1"/></class><class name="fr/ensimag/ima/pseudocode/instructions/SHR" sourcefilename="SHR.java"><method name="&lt;init&gt;" desc="(Lfr/ensimag/ima/pseudocode/GPRegister;)V" line="12"><counter type="INSTRUCTION" missed="4" covered="0"/><counter type="LINE" missed="2" covered="0"/><counter type="COMPLEXITY" missed="1" covered="0"/><counter type="METHOD" missed="1" covered="0"/></method><counter type="INSTRUCTION" missed="4" covered="0"/><counter type="LINE" missed="2" covered="0"/><counter type="COMPLEXITY" missed="1" covered="0"/><counter type="METHOD" missed="1" covered="0"/><counter type="CLASS" missed="1" covered="0"/></class><class name="fr/ensimag/ima/pseudocode/instructions/SHL" sourcefilename="SHL.java"><method name="&lt;init&gt;" desc="(Lfr/ensimag/ima/pseudocode/GPRegister;)V" line="12"><counter type="INSTRUCTION" missed="4" covered="0"/><counter type="LINE" missed="2" covered="0"/><counter type="COMPLEXITY" missed="1" covered="0"/><counter type="METHOD" missed="1" covered="0"/></method><counter type="INSTRUCTION" missed="4" covered="0"/><counter type="LINE" missed="2" covered="0"/><counter type="COMPLEXITY" missed="1" covered="0"/><counter type="METHOD" missed="1" covered="0"/><counter type="CLASS" missed="1" covered="0"/></class><class name="fr/ensimag/ima/pseudocode/instructions/BGE" sourcefilename="BGE.java"><method name="&lt;init&gt;" desc="(Lfr/ensimag/ima/pseudocode/Label;)V" line="14"><counter type="INSTRUCTION" missed="0" covered="4"/><counter type="LINE" missed="0" covered="2"/><counter type="COMPLEXITY" missed="0" covered="1"/><counter type="METHOD" missed="0" covered="1"/></method><counter type="INSTRUCTION" missed="0" covered="4"/><counter type="LINE" missed="0" covered="2"/><counter type="COMPLEXITY" missed="0" covered="1"/><counter type="METHOD" missed="0" covered="1"/><counter type="CLASS" missed="0" covered="1"/></class><class name="fr/ensimag/ima/pseudocode/instructions/QUO" sourcefilename="QUO.java"><method name="&lt;init&gt;" desc="(Lfr/ensimag/ima/pseudocode/DVal;Lfr/ensimag/ima/pseudocode/GPRegister;)V" line="15"><counter type="INSTRUCTION" missed="0" covered="5"/><counter type="LINE" missed="0" covered="2"/><counter type="COMPLEXITY" missed="0" covered="1"/><counter type="METHOD" missed="0" covered="1"/></method><counter type="INSTRUCTION" missed="0" covered="5"/><counter type="LINE" missed="0" covered="2"/><counter type="COMPLEXITY" missed="0" covered="1"/><counter type="METHOD" missed="0" covered="1"/><counter type="CLASS" missed="0" covered="1"/></class><class name="fr/ensimag/ima/pseudocode/instructions/BGT" sourcefilename="BGT.java"><method name="&lt;init&gt;" desc="(Lfr/ensimag/ima/pseudocode/Label;)V" line="14"><counter type="INSTRUCTION" missed="0" covered="4"/><counter type="LINE" missed="0" covered="2"/><counter type="COMPLEXITY" missed="0" covered="1"/><counter type="METHOD" missed="0" covered="1"/></method><counter type="INSTRUCTION" missed="0" covered="4"/><counter type="LINE" missed="0" covered="2"/><counter type="COMPLEXITY" missed="0" covered="1"/><counter type="METHOD" missed="0" covered="1"/><counter type="CLASS" missed="0" covered="1"/></class><class name="fr/ensimag/ima/pseudocode/instructions/BLE" sourcefilename="BLE.java"><method name="&lt;init&gt;" desc="(Lfr/ensimag/ima/pseudocode/Label;)V" line="14"><counter type="INSTRUCTION" missed="0" covered="4"/><counter type="LINE" missed="0" covered="2"/><counter type="COMPLEXITY" missed="0" covered="1"/><counter type="METHOD" missed="0" covered="1"/></method><counter type="INSTRUCTION" missed="0" covered="4"/><counter type="LINE" missed="0" covered="2"/><counter type="COMPLEXITY" missed="0" covered="1"/><counter type="METHOD" missed="0" covered="1"/><counter type="CLASS" missed="0" covered="1"/></class><class name="fr/ensimag/ima/pseudocode/instructions/HALT" sourcefilename="HALT.java"><method name="&lt;init&gt;" desc="()V" line="9"><counter type="INSTRUCTION" missed="0" covered="3"/><counter type="LINE" missed="0" covered="1"/><counter type="COMPLEXITY" missed="0" covered="1"/><counter type="METHOD" missed="0" covered="1"/></method><counter type="INSTRUCTION" missed="0" covered="3"/><counter type="LINE" missed="0" covered="1"/><counter type="COMPLEXITY" missed="0" covered="1"/><counter type="METHOD" missed="0" covered="1"/><counter type="CLASS" missed="0" covered="1"/></class><class name="fr/ensimag/ima/pseudocode/instructions/RINT" sourcefilename="RINT.java"><method name="&lt;init&gt;" desc="()V" line="9"><counter type="INSTRUCTION" missed="0" covered="3"/><counter type="LINE" missed="0" covered="1"/><counter type="COMPLEXITY" missed="0" covered="1"/><counter type="METHOD" missed="0" covered="1"/></method><counter type="INSTRUCTION" missed="0" covered="3"/><counter type="LINE" missed="0" covered="1"/><counter type="COMPLEXITY" missed="0" covered="1"/><counter type="METHOD" missed="0" covered="1"/><counter type="CLASS" missed="0" covered="1"/></class><class name="fr/ensimag/ima/pseudocode/instructions/BLT" sourcefilename="BLT.java"><method name="&lt;init&gt;" desc="(Lfr/ensimag/ima/pseudocode/Label;)V" line="14"><counter type="INSTRUCTION" missed="0" covered="4"/><counter type="LINE" missed="0" covered="2"/><counter type="COMPLEXITY" missed="0" covered="1"/><counter type="METHOD" missed="0" covered="1"/></method><counter type="INSTRUCTION" missed="0" covered="4"/><counter type="LINE" missed="0" covered="2"/><counter type="COMPLEXITY" missed="0" covered="1"/><counter type="METHOD" missed="0" covered="1"/><counter type="CLASS" missed="0" covered="1"/></class><class name="fr/ensimag/ima/pseudocode/instructions/SNE" sourcefilename="SNE.java"><method name="&lt;init&
[...]
1" ci="0" mb="0" cb="0"/><line nr="2797" mi="3" ci="0" mb="0" cb="0"/><line nr="2798" mi="5" ci="0" mb="0" cb="0"/><line nr="2799" mi="5" ci="0" mb="0" cb="0"/><line nr="2802" mi="0" ci="2" mb="0" cb="0"/><line nr="2804" mi="0" ci="2" mb="0" cb="0"/><line nr="2814" mi="6" ci="0" mb="0" cb="0"/><line nr="2816" mi="5" ci="0" mb="0" cb="0"/><line nr="2818" mi="6" ci="0" mb="0" cb="0"/><line nr="2821" mi="6" ci="0" mb="0" cb="0"/><line nr="2824" mi="0" ci="4" mb="0" cb="0"/><line nr="2825" mi="0" ci="1" mb="0" cb="0"/><line nr="2826" mi="2" ci="0" mb="0" cb="0"/><line nr="2830" mi="0" ci="8" mb="0" cb="0"/><line nr="2831" mi="0" ci="5" mb="0" cb="0"/><line nr="2833" mi="0" ci="5" mb="0" cb="0"/><line nr="2836" mi="0" ci="4" mb="0" cb="0"/><line nr="2838" mi="0" ci="3" mb="0" cb="0"/><line nr="2839" mi="0" ci="4" mb="0" cb="0"/><line nr="2840" mi="0" ci="3" mb="0" cb="0"/><line nr="2841" mi="0" ci="4" mb="0" cb="0"/><line nr="2842" mi="0" ci="3" mb="0" cb="0"/><line nr="2843" mi="0" ci="4" mb="0" cb="0"/><line nr="2844" mi="0" ci="3" mb="0" cb="0"/><line nr="2845" mi="0" ci="4" mb="0" cb="0"/><line nr="2847" mi="0" ci="13" mb="0" cb="2"/><line nr="2848" mi="0" ci="6" mb="0" cb="0"/><line nr="2849" mi="0" ci="6" mb="0" cb="0"/><line nr="2850" mi="4" ci="3" mb="1" cb="1"/><line nr="2851" mi="0" ci="4" mb="0" cb="0"/><line nr="2852" mi="0" ci="1" mb="0" cb="0"/><line nr="2856" mi="1" ci="0" mb="0" cb="0"/><line nr="2857" mi="3" ci="0" mb="0" cb="0"/><line nr="2858" mi="5" ci="0" mb="0" cb="0"/><line nr="2859" mi="5" ci="0" mb="0" cb="0"/><line nr="2862" mi="0" ci="2" mb="0" cb="0"/><line nr="2864" mi="0" ci="2" mb="0" cb="0"/><line nr="2873" mi="4" ci="0" mb="0" cb="0"/><line nr="2876" mi="6" ci="0" mb="0" cb="0"/><line nr="2878" mi="4" ci="0" mb="0" cb="0"/><line nr="2880" mi="5" ci="0" mb="0" cb="0"/><line nr="2883" mi="0" ci="4" mb="0" cb="0"/><line nr="2884" mi="0" ci="1" mb="0" cb="0"/><line nr="2885" mi="2" ci="0" mb="0" cb="0"/><line nr="2889" mi="0" ci="8" mb="0" cb="0"/><line nr="2890" mi="0" ci="5" mb="0" cb="0"/><line nr="2892" mi="0" ci="5" mb="0" cb="0"/><line nr="2896" mi="0" ci="4" mb="0" cb="0"/><line nr="2898" mi="0" ci="3" mb="0" cb="0"/><line nr="2899" mi="0" ci="4" mb="0" cb="0"/><line nr="2901" mi="4" ci="5" mb="1" cb="1"/><line nr="2902" mi="0" ci="6" mb="0" cb="0"/><line nr="2904" mi="0" ci="3" mb="0" cb="0"/><line nr="2905" mi="0" ci="4" mb="0" cb="0"/><line nr="2906" mi="0" ci="5" mb="0" cb="0"/><line nr="2907" mi="0" ci="3" mb="1" cb="1"/><line nr="2910" mi="3" ci="0" mb="0" cb="0"/><line nr="2911" mi="4" ci="0" mb="0" cb="0"/><line nr="2912" mi="3" ci="0" mb="0" cb="0"/><line nr="2913" mi="4" ci="0" mb="0" cb="0"/><line nr="2915" mi="9" ci="0" mb="2" cb="0"/><line nr="2916" mi="6" ci="0" mb="0" cb="0"/><line nr="2920" mi="3" ci="0" mb="0" cb="0"/><line nr="2921" mi="4" ci="0" mb="0" cb="0"/><line nr="2922" mi="6" ci="0" mb="0" cb="0"/><line nr="2926" mi="1" ci="0" mb="0" cb="0"/><line nr="2927" mi="3" ci="0" mb="0" cb="0"/><line nr="2928" mi="5" ci="0" mb="0" cb="0"/><line nr="2929" mi="5" ci="0" mb="0" cb="0"/><line nr="2932" mi="0" ci="2" mb="0" cb="0"/><line nr="2934" mi="0" ci="2" mb="0" cb="0"/><line nr="2940" mi="5" ci="0" mb="0" cb="0"/><line nr="2941" mi="5" ci="0" mb="0" cb="0"/><line nr="2943" mi="0" ci="4" mb="0" cb="0"/><line nr="2944" mi="0" ci="1" mb="0" cb="0"/><line nr="2945" mi="2" ci="0" mb="0" cb="0"/><line nr="2949" mi="0" ci="8" mb="0" cb="0"/><line nr="2950" mi="0" ci="5" mb="0" cb="0"/><line nr="2952" mi="0" ci="3" mb="0" cb="0"/><line nr="2953" mi="0" ci="4" mb="0" cb="0"/><line nr="2954" mi="0" ci="5" mb="1" cb="3"/><line nr="2956" mi="0" ci="4" mb="0" cb="0"/><line nr="2959" mi="0" ci="3" mb="0" cb="0"/><line nr="2962" mi="0" ci="1" mb="0" cb="0"/><line nr="2964" mi="0" ci="4" mb="0" cb="0"/><line nr="2966" mi="0" ci="3" mb="0" cb="0"/><line nr="2967" mi="0" ci="4" mb="0" cb="0"/><line nr="2969" mi="0" ci="3" mb="0" cb="0"/><line nr="2972" mi="0" ci="1" mb="0" cb="0"/><line nr="2974" mi="0" ci="4" mb="0" cb="0"/><line nr="2976" mi="0" ci="3" mb="0" cb="0"/><line nr="2977" mi="0" ci="4" mb="0" cb="0"/><line nr="2979" mi="0" ci="3" mb="0" cb="0"/><line nr="2982" mi="0" ci="1" mb="0" cb="0"/><line nr="2984" mi="5" ci="0" mb="0" cb="0"/><line nr="2987" mi="1" ci="0" mb="0" cb="0"/><line nr="2988" mi="3" ci="0" mb="0" cb="0"/><line nr="2989" mi="5" ci="0" mb="0" cb="0"/><line nr="2990" mi="5" ci="0" mb="0" cb="0"/><line nr="2993" mi="0" ci="2" mb="0" cb="0"/><line nr="2995" mi="0" ci="2" mb="0" cb="0"/><line nr="3004" mi="6" ci="0" mb="0" cb="0"/><line nr="3007" mi="6" ci="0" mb="0" cb="0"/><line nr="3010" mi="0" ci="4" mb="0" cb="0"/><line nr="3011" mi="0" ci="1" mb="0" cb="0"/><line nr="3012" mi="2" ci="0" mb="0" cb="0"/><line nr="3016" mi="0" ci="8" mb="0" cb="0"/><line nr="3017" mi="0" ci="5" mb="0" cb="0"/><line nr="3019" mi="0" ci="4" mb="0" cb="0"/><line nr="3021" mi="0" ci="3" mb="0" cb="0"/><line nr="3022" mi="0" ci="4" mb="0" cb="0"/><line nr="3023" mi="0" ci="3" mb="0" cb="0"/><line nr="3024" mi="0" ci="4" mb="0" cb="0"/><line nr="3026" mi="4" ci="5" mb="1" cb="1"/><line nr="3027" mi="4" ci="5" mb="1" cb="1"/><line nr="3028" mi="0" ci="11" mb="0" cb="0"/><line nr="3029" mi="1" ci="11" mb="1" cb="1"/><line nr="3033" mi="1" ci="0" mb="0" cb="0"/><line nr="3034" mi="3" ci="0" mb="0" cb="0"/><line nr="3035" mi="5" ci="0" mb="0" cb="0"/><line nr="3036" mi="5" ci="0" mb="0" cb="0"/><line nr="3039" mi="0" ci="2" mb="0" cb="0"/><line nr="3041" mi="0" ci="2" mb="0" cb="0"/><line nr="3049" mi="5" ci="0" mb="0" cb="0"/><line nr="3051" mi="6" ci="0" mb="0" cb="0"/><line nr="3054" mi="0" ci="4" mb="0" cb="0"/><line nr="3055" mi="0" ci="1" mb="0" cb="0"/><line nr="3056" mi="2" ci="0" mb="0" cb="0"/><line nr="3060" mi="0" ci="8" mb="0" cb="0"/><line nr="3061" mi="0" ci="5" mb="0" cb="0"/><line nr="3063" mi="0" ci="3" mb="0" cb="0"/><line nr="3064" mi="0" ci="4" mb="0" cb="0"/><line nr="3065" mi="0" ci="5" mb="1" cb="2"/><line nr="3067" mi="0" ci="4" mb="0" cb="0"/><line nr="3069" mi="0" ci="3" mb="0" cb="0"/><line nr="3070" mi="0" ci="5" mb="0" cb="0"/><line nr="3071" mi="0" ci="3" mb="0" cb="0"/><line nr="3072" mi="0" ci="4" mb="0" cb="0"/><line nr="3074" mi="4" ci="5" mb="1" cb="1"/><line nr="3075" mi="0" ci="8" mb="0" cb="0"/><line nr="3076" mi="0" ci="6" mb="0" cb="0"/><line nr="3079" mi="0" ci="1" mb="0" cb="0"/><line nr="3082" mi="0" ci="4" mb="0" cb="0"/><line nr="3085" mi="0" ci="5" mb="0" cb="0"/><line nr="3088" mi="0" ci="1" mb="0" cb="0"/><line nr="3090" mi="5" ci="0" mb="0" cb="0"/><line nr="3093" mi="1" ci="0" mb="0" cb="0"/><line nr="3094" mi="3" ci="0" mb="0" cb="0"/><line nr="3095" mi="5" ci="0" mb="0" cb="0"/><line nr="3096" mi="5" ci="0" mb="0" cb="0"/><line nr="3099" mi="0" ci="2" mb="0" cb="0"/><line nr="3101" mi="0" ci="2" mb="0" cb="0"/><line nr="3114" mi="6" ci="0" mb="0" cb="0"/><line nr="3117" mi="6" ci="0" mb="0" cb="0"/><line nr="3119" mi="4" ci="0" mb="0" cb="0"/><line nr="3121" mi="5" ci="0" mb="0" cb="0"/><line nr="3123" mi="4" ci="0" mb="0" cb="0"/><line nr="3125" mi="5" ci="0" mb="0" cb="0"/><line nr="3128" mi="6" ci="0" mb="0" cb="0"/><line nr="3131" mi="6" ci="0" mb="0" cb="0"/><line nr="3134" mi="6" ci="0" mb="0" cb="0"/><line nr="3136" mi="5" ci="0" mb="0" cb="0"/><line nr="3137" mi="5" ci="0" mb="0" cb="0"/><line nr="3139" mi="6" ci="0" mb="0" cb="0"/><line nr="3142" mi="0" ci="4" mb="0" cb="0"/><line nr="3143" mi="0" ci="1" mb="0" cb="0"/><line nr="3144" mi="2" ci="0" mb="0" cb="0"/><line nr="3148" mi="0" ci="8" mb="0" cb="0"/><line nr="3149" mi="0" ci="5" mb="0" cb="0"/><line nr="3151" mi="0" ci="3" mb="0" cb="0"/><line nr="3154" mi="0" ci="4" mb="0" cb="0"/><line nr="3156" mi="0" ci="3" mb="0" cb="0"/><line nr="3157" mi="0" ci="4" mb="0" cb="0"/><line nr="3158" mi="0" ci="3" mb="0" cb="0"/><line nr="3159" mi="0" ci="4" mb="0" cb="0"/><line nr="3160" mi="0" ci="3" mb="0" cb="0"/><line nr="3161" mi="0" ci="4" mb="0" cb="0"/><line nr="3162" mi="0" ci="3" mb="0" cb="0"/><line nr="3163" mi="0" ci="4" mb="0" cb="0"/><line nr="3164" mi="0" ci="3" mb="0" cb="0"/><line nr="3165" mi="0" ci="4" mb="0" cb="0"/><line nr="3166" mi="0" ci="3" mb="0" cb="0"/><line nr="3167" mi="0" ci="4" mb="0" cb="0"/><line nr="3168" mi="0" ci="3" mb="0" cb="0"/><line nr="3169" mi="0" ci="4" mb="0" cb="0"/><line nr="3170" mi="0" ci="5" mb="1" cb="2"/><line nr="3173" mi="0" ci="3" mb="0" cb="0"/><line nr="3174" mi="0" ci="4" mb="0" cb="0"/><line nr="3176" mi="0" ci="23" mb="0" cb="0"/><line nr="3177" mi="1" ci="11" mb="1" cb="1"/><line nr="3180" mi="0" ci="1" mb="0" cb="0"/><line nr="3183" mi="0" ci="3" mb="0" cb="0"/><line nr="3184" mi="0" ci="4" mb="0" cb="0"/><line nr="3185" mi="0" ci="3" mb="0" cb="0"/><line nr="3186" mi="0" ci="4" mb="0" cb="0"/><line nr="3187" mi="0" ci="3" mb="0" cb="0"/><line nr="3188" mi="0" ci="4" mb="0" cb="0"/><line nr="3189" mi="0" ci="3" mb="0" cb="0"/><line nr="3190" mi="0" ci="4" mb="0" cb="0"/><line nr="3191" mi="0" ci="3" mb="0" cb="0"/><line nr="3192" mi="0" ci="4" mb="0" cb="0"/><line nr="3194" mi="4" ci="5" mb="1" cb="1"/><line nr="3195" mi="0" ci="26" mb="0" cb="0"/><line nr="3196" mi="1" ci="11" mb="1" cb="1"/><line nr="3199" mi="0" ci="1" mb="0" cb="0"/><line nr="3201" mi="5" ci="0" mb="0" cb="0"/><line nr="3207" mi="1" ci="0" mb="0" cb="0"/><line nr="3208" mi="3" ci="0" mb="0" cb="0"/><line nr="3209" mi="5" ci="0" mb="0" cb="0"/><line nr="3210" mi="5" ci="0" mb="0" cb="0"/><line nr="3213" mi="0" ci="2" mb="0" cb="0"/><line nr="3215" mi="0" ci="2" mb="0" cb="0"/><line nr="3224" mi="4" ci="0" mb="0" cb="0"/><line nr="3227" mi="6" ci="0" mb="0" cb="0"/><line nr="3229" mi="4" ci="0" mb="0" cb="0"/><line nr="3231" mi="5" ci="0" mb="0" cb="0"/><line nr="3234" mi="0" ci="4" mb="0" cb="0"/><line nr="3235" mi="0" ci="1" mb="0" cb="0"/><line nr="3236" mi="2" ci="0" mb="0" cb="0"/><line nr="3240" mi="0" ci="8" mb="0" cb="0"/><line nr="3241" mi="0" ci="5" mb="0" cb="0"/><line nr="3243" mi="0" ci="5" mb="0" cb="0"/><line nr="3247" mi="0" ci="4" mb="0" cb="0"/><line nr="3249" mi="0" ci="3" mb="0" cb="0"/><line nr="3250" mi="0" ci="4" mb="0" cb="0"/><line nr="3251" mi="0" ci="5" mb="0" cb="0"/><line nr="3252" mi="0" ci="3" mb="0" cb="2"/><line nr="3254" mi="0" ci="3" mb="0" cb="0"/><line nr="3255" mi="0" ci="4" mb="0" cb="0"/><line nr="3257" mi="4" ci="5" mb="1" cb="1"/><line nr="3258" mi="0" ci="6" mb="0" cb="0"/><line nr="3260" mi="0" ci="3" mb="0" cb="0"/><line nr="3261" mi="0" ci="4" mb="0" cb="0"/><line nr="3262" mi="0" ci="5" mb="0" cb="0"/><line nr="3263" mi="0" ci="3" mb="0" cb="2"/><line nr="3266" mi="0" ci="3" mb="0" cb="0"/><line nr="3267" mi="0" ci="4" mb="0" cb="0"/><line nr="3268" mi="0" ci="3" mb="0" cb="0"/><line nr="3269" mi="0" ci="4" mb="0" cb="0"/><line nr="3271" mi="4" ci="5" mb="1" cb="1"/><line nr="3272" mi="0" ci="6" mb="0" cb="0"/><line nr="3276" mi="0" ci="3" mb="0" cb="0"/><line nr="3277" mi="0" ci="4" mb="0" cb="0"/><line nr="3278" mi="0" ci="6" mb="0" cb="0"/><line nr="3285" mi="1" ci="0" mb="0" cb="0"/><line nr="3286" mi="3" ci="0" mb="0" cb="0"/><line nr="3287" mi="5" ci="0" mb="0" cb="0"/><line nr="3288" mi="5" ci="0" mb="0" cb="0"/><line nr="3291" mi="0" ci="2" mb="0" cb="0"/><line nr="3293" mi="0" ci="2" mb="0" cb="0"/><line nr="3301" mi="5" ci="0" mb="0" cb="0"/><line nr="3302" mi="5" ci="0" mb="0" cb="0"/><line nr="3304" mi="0" ci="4" mb="0" cb="0"/><line nr="3305" mi="0" ci="1" mb="0" cb="0"/><line nr="3306" mi="2" ci="0" mb="0" cb="0"/><line nr="3310" mi="0" ci="8" mb="0" cb="0"/><line nr="3311" mi="0" ci="5" mb="0" cb="0"/><line nr="3313" mi="0" ci="3" mb="0" cb="0"/><line nr="3314" mi="0" ci="4" mb="0" cb="0"/><line nr="3315" mi="0" ci="5" mb="1" cb="2"/><line nr="3317" mi="0" ci="4" mb="0" cb="0"/><line nr="3319" mi="0" ci="3" mb="0" cb="0"/><line nr="3320" mi="0" ci="5" mb="0" cb="0"/><line nr="3322" mi="1" ci="9" mb="1" cb="1"/><line nr="3323" mi="0" ci="6" mb="0" cb="0"/><line nr="3326" mi="0" ci="1" mb="0" cb="0"/><line nr="3328" mi="0" ci="4" mb="0" cb="0"/><line nr="3330" mi="0" ci="3" mb="0" cb="0"/><line nr="3331" mi="0" ci="5" mb="0" cb="0"/><line nr="3333" mi="1" ci="9" mb="1" cb="1"/><line nr="3334" mi="0" ci="6" mb="0" cb="0"/><line nr="3337" mi="0" ci="1" mb="0" cb="0"/><line nr="3339" mi="5" ci="0" mb="0" cb="0"/><line nr="3342" mi="1" ci="0" mb="0" cb="0"/><line nr="3343" mi="3" ci="0" mb="0" cb="0"/><line nr="3344" mi="5" ci="0" mb="0" cb="0"/><line nr="3345" mi="5" ci="0" mb="0" cb="0"/><line nr="3348" mi="0" ci="2" mb="0" cb="0"/><line nr="3350" mi="0" ci="2" mb="0" cb="0"/><line nr="3359" mi="6" ci="0" mb="0" cb="0"/><line nr="3362" mi="6" ci="0" mb="0" cb="0"/><line nr="3365" mi="0" ci="4" mb="0" cb="0"/><line nr="3366" mi="0" ci="1" mb="0" cb="0"/><line nr="3367" mi="2" ci="0" mb="0" cb="0"/><line nr="3371" mi="0" ci="8" mb="0" cb="0"/><line nr="3372" mi="0" ci="5" mb="0" cb="0"/><line nr="3374" mi="0" ci="4" mb="0" cb="0"/><line nr="3376" mi="0" ci="3" mb="0" cb="0"/><line nr="3377" mi="0" ci="4" mb="0" cb="0"/><line nr="3378" mi="0" ci="3" mb="0" cb="0"/><line nr="3379" mi="0" ci="4" mb="0" cb="0"/><line nr="3381" mi="4" ci="5" mb="1" cb="1"/><line nr="3382" mi="4" ci="5" mb="1" cb="1"/><line nr="3383" mi="0" ci="11" mb="0" cb="0"/><line nr="3384" mi="1" ci="11" mb="1" cb="1"/><line nr="3388" mi="1" ci="0" mb="0" cb="0"/><line nr="3389" mi="3" ci="0" mb="0" cb="0"/><line nr="3390" mi="5" ci="0" mb="0" cb="0"/><line nr="3391" mi="5" ci="0" mb="0" cb="0"/><line nr="3394" mi="0" ci="2" mb="0" cb="0"/><line nr="3396" mi="0" ci="2" mb="0" cb="0"/><line nr="3400" mi="2" ci="0" mb="8" cb="0"/><line nr="3402" mi="6" ci="0" mb="0" cb="0"/><line nr="3404" mi="6" ci="0" mb="0" cb="0"/><line nr="3406" mi="6" ci="0" mb="0" cb="0"/><line nr="3408" mi="6" ci="0" mb="0" cb="0"/><line nr="3410" mi="6" ci="0" mb="0" cb="0"/><line nr="3412" mi="6" ci="0" mb="0" cb="0"/><line nr="3414" mi="6" ci="0" mb="0" cb="0"/><line nr="3416" mi="2" ci="0" mb="0" cb="0"/><line nr="3419" mi="2" ci="0" mb="2" cb="0"/><line nr="3421" mi="6" ci="0" mb="0" cb="0"/><line nr="3423" mi="2" ci="0" mb="0" cb="0"/><line nr="3426" mi="2" ci="0" mb="2" cb="0"/><line nr="3428" mi="6" ci="0" mb="0" cb="0"/><line nr="3430" mi="2" ci="0" mb="0" cb="0"/><line nr="3433" mi="2" ci="0" mb="3" cb="0"/><line nr="3435" mi="6" ci="0" mb="0" cb="0"/><line nr="3437" mi="6" ci="0" mb="0" cb="0"/><line nr="3439" mi="2" ci="0" mb="0" cb="0"/><line nr="3442" mi="2" ci="0" mb="6" cb="0"/><line nr="3444" mi="6" ci="0" mb="0" cb="0"/><line nr="3446" mi="6" ci="0" mb="0" cb="0"/><line nr="3448" mi="6" ci="0" mb="0" cb="0"/><line nr="3450" mi="6" ci="0" mb="0" cb="0"/><line nr="3452" mi="6" ci="0" mb="0" cb="0"/><line nr="3454" mi="2" ci="0" mb="0" cb="0"/><line nr="3457" mi="2" ci="0" mb="3" cb="0"/><line nr="3459" mi="6" ci="0" mb="0" cb="0"/><line nr="3461" mi="6" ci="0" mb="0" cb="0"/><line nr="3463" mi="2" ci="0" mb="0" cb="0"/><line nr="3466" mi="2" ci="0" mb="4" cb="0"/><line nr="3468" mi="6" ci="0" mb="0" cb="0"/><line nr="3470" mi="6" ci="0" mb="0" cb="0"/><line nr="3472" mi="6" ci="0" mb="0" cb="0"/><line nr="3474" mi="2" ci="0" mb="0" cb="0"/><line nr="3477" mi="2" ci="0" mb="2" cb="0"/><line nr="3479" mi="6" ci="0" mb="0" cb="0"/><line nr="3481" mi="2" ci="0" mb="0" cb="0"/><line nr="3860" mi="0" ci="4" mb="0" cb="0"/><line nr="3861" mi="0" ci="3" mb="0" cb="0"/><line nr="3863" mi="0" ci="4" mb="0" cb="0"/><line nr="3864" mi="0" ci="8" mb="0" cb="2"/><line nr="3865" mi="0" ci="10" mb="0" cb="0"/><line nr="3867" mi="0" ci="1" mb="0" cb="0"/><counter type="INSTRUCTION" missed="2274" covered="6664"/><counter type="BRANCH" missed="216" covered="281"/><counter type="LINE" missed="415" covered="1393"/><counter type="COMPLEXITY" missed="431" covered="158"/><counter type="METHOD" missed="224" covered="89"/><counter type="CLASS" missed="0" covered="39"/></sourcefile><sourcefile name="DecaLexer.java"><line nr="14" mi="0" ci="3" mb="0" cb="0"/><line nr="17" mi="0" ci="4" mb="0" cb="0"/><line nr="27" mi="0" ci="11" mb="0" cb="0"/><line nr="31" mi="0" ci="7" mb="0" cb="0"/><line nr="36" mi="0" ci="267" mb="0" cb="0"/><line nr="48" mi="0" ci="2" mb="0" cb="0"/><line nr="51" mi="0" ci="187" mb="0" cb="0"/><line nr="60" mi="0" ci="2" mb="0" cb="0"/><line nr="62" mi="0" ci="215" mb="0" cb="0"/><line nr="72" mi="0" ci="2" mb="0" cb="0"/><line nr="73" mi="0" ci="6" mb="0" cb="0"/><line nr="81" mi="0" ci="4" mb="0" cb="0"/><line nr="82" mi="0" ci="8" mb="0" cb="2"/><line nr="83" mi="0" ci="6" mb="0" cb="0"/><line nr="84" mi="0" ci="4" mb="0" cb="2"/><line nr="85" mi="0" ci="6" mb="0" cb="0"/><line nr="88" mi="0" ci="4" mb="0" cb="2"/><line nr="89" mi="0" ci="4" mb="0" cb="0"/><line nr="97" mi="2" ci="0" mb="0" cb="0"/><line nr="103" mi="0" ci="2" mb="0" cb="0"/><line nr="110" mi="0" ci="3" mb="0" cb="0"/><line nr="111" mi="0" ci="9" mb="0" cb="0"/><line nr="112" mi="0" ci="1" mb="0" cb="0"/><line nr="115" mi="2" ci="0" mb="0" cb="0"/><line nr="118" mi="2" ci="0" mb="0" cb="0"/><line nr="121" mi="2" ci="0" mb="0" cb="0"/><line nr="124" mi="2" ci="0" mb="0" cb="0"/><line nr="127" mi="2" ci="0" mb="0" cb="0"/><line nr="130" mi="2" ci="0" mb="0" cb="0"/><line nr="134" mi="2" ci="0" mb="2" cb="0"/><line nr="136" mi="4" ci="0" mb="0" cb="0"/><line nr="139" mi="1" ci="0" mb="0" cb="0"/><line nr="141" mi="2" ci="0" mb="2" cb="0"/><line nr="143" mi="4" ci="0" mb="0" cb="0"/><line nr="146" mi="1" ci="0" mb="0" cb="0"/><line nr="444" mi="0" ci="4" mb="0" cb="0"/><line nr="445" mi="0" ci="3" mb="0" cb="0"/><line nr="447" mi="0" ci="4" mb="0" cb="0"/><line nr="448" mi="0" ci="8" mb="0" cb="2"/><line nr="449" mi="0" ci="10" mb="0" cb="0"/><line nr="451" mi="0" ci="1" mb="0" cb="0"/><counter type="INSTRUCTION" missed="28" covered="787"/><counter type="BRANCH" missed="4" covered="8"/><counter type="LINE" missed="13" covered="28"/><counter type="COMPLEXITY" missed="11" covered="10"/><counter type="METHOD" missed="9" covered="6"/><counter type="CLASS" missed="0" covered="1"/></sourcefile><sourcefile name="DecacErrorListner.java"><line nr="24" mi="0" ci="4" mb="0" cb="0"/><line nr="28" mi="0" ci="2" mb="0" cb="0"/><line nr="29" mi="0" ci="3" mb="0" cb="0"/><line nr="30" mi="0" ci="1" mb="0" cb="0"/><line nr="36" mi="0" ci="2" mb="0" cb="0"/><line nr="37" mi="0" ci="2" mb="0" cb="2"/><line nr="38" mi="0" ci="3" mb="0" cb="0"/><line nr="41" mi="0" ci="2" mb="0" cb="2"/><line nr="42" mi="0" ci="3" mb="0" cb="0"/><line nr="43" mi="0" ci="5" mb="0" cb="0"/><line nr="44" mi="0" ci="2" mb="0" cb="0"/><line nr="45" mi="0" ci="5" mb="0" cb="0"/><line nr="46" mi="0" ci="3" mb="1" cb="1"/><line nr="47" mi="7" ci="0" mb="0" cb="0"/><line nr="48" mi="5" ci="0" mb="0" cb="0"/><line nr="50" mi="0" ci="4" mb="0" cb="0"/><line nr="53" mi="0" ci="3" mb="0" cb="2"/><line nr="56" mi="0" ci="5" mb="0" cb="0"/><line nr="58" mi="0" ci="4" mb="0" cb="0"/><line nr="60" mi="0" ci="7" mb="0" cb="0"/><line nr="62" mi="0" ci="9" mb="0" cb="0"/><line nr="68" mi="5" ci="0" mb="0" cb="0"/><line nr="73" mi="5" ci="0" mb="0" cb="0"/><line nr="78" mi="5" ci="0" mb="0" cb="0"/><counter type="INSTRUCTION" missed="27" covered="69"/><counter type="BRANCH" missed="1" covered="7"/><counter type="LINE" missed="5" covered="19"/><counter type="COMPLEXITY" missed="4" covered="6"/><counter type="METHOD" missed="3" covered="3"/><counter type="CLASS" missed="0" covered="1"/></sourcefile><counter type="INSTRUCTION" missed="2442" covered="7994"/><counter type="BRANCH" missed="238" covered="323"/><counter type="LINE" missed="465" covered="1566"/><counter type="COMPLEXITY" missed="466" covered="211"/><counter type="METHOD" missed="241" covered="128"/><counter type="CLASS" missed="0" covered="49"/></package><counter type="INSTRUCTION" missed="5990" covered="16283"/><counter type="BRANCH" missed="556" covered="781"/><counter type="LINE" missed="1340" covered="3834"/><counter type="COMPLEXITY" missed="951" covered="1042"/><counter type="METHOD" missed="492" covered="803"/><counter type="CLASS" missed="22" covered="226"/></report>